39.236608
39.236608
39.236608
38.236608
3.263392
8.236608
60.736608
60.736608
6.736608
6.736608
6.736608
6.736608
6.736608
6.236608
19.736608
19.736608
32.236608
43.236608
43.236608
39.736608
39.736608
37.236608
28.236608
28.236608
38.704477
37.118807
37.827663
37.802865
23.845699
16.054555
23.845699
30.324282
29.824282
7.154301
7.341739
7.863156
8.427988
90.636844
92.636844
90.136844
86.636844
54.136844
50.636844
50.636844
62.636844
51.636844
36.615426
16.615426
18.136844
11.136844
10.136844
40.863156
40.863156
41.363156
4.363156
17.636844
21.636844
21.615426
21.615426
12.115426
32.178302
30.717756
48.530318
49.051735
76.385714
76.094570
76.615987
80.263971
104.724517
133.976208
133.185063
133.185063
69.685063
64.685063
18.185063
20.206481
16.706481
84.805613
83.932180
81.349891
90.976458
100.941828
102.963245
103.172101
102.672101
102.672101
102.672101
101.172101
91.172101
93.172101
87.672101
63.172101
73.672101
78.172101
78.172101
79.963245
79.963245
63.963245
63.963245
63.463245
48.963245
60.963245
61.963245
65.463245
68.463245
68.963245
68.963245
68.963245
69.463245
77.550997
77.550997
77.550997
77.550997
66.050997
63.050997
63.050997
49.550997
47.050997
48.050997
59.550997
59.050997
71.550997
73.550997
2.050997
5.050997
20.454158
23.684431
24.205848
48.205848
34.705848
11.458130
11.458130
11.458130
0.541870
22.041870
29.429806
29.660079
29.660079
44.472641
44.099208
62.599208
46.599208
15.194118
15.194118
14.381556
19.902974
14.194118
11.194118
20.194118
20.694118
14.694118
57.194118
86.006949
92.506949
94.506949
95.028366
89.028366
88.028366
99.258639
33.614103
45.114103
44.114103
56.114103
66.614103
74.322958
59.344376
74.344376
31.900984
27.900984
30.400984
10.422401
30.132700
29.654117
25.154117
30.654117
81.632700
