{
    "RouteGPS": {
        "dstd": 0.0033751292307418156, 
        "dstm": 375.73660822935375, 
        "fromtruem": 13.135102486978056, 
        "lng": 55.755307975824707, 
        "ltd": 37.648428777250331
    }, 
    "RouteGSM": {
        "dstm": 336.50000000000193, 
        "lng": 37.648256950398967, 
        "ltd": 55.755000247022828
    }, 
    "TrueGPS": {
        "acc": 8.0, 
        "lng": 55.755250453948975, 
        "ltd": 37.648531794548035
    }
}{
    "RouteGPS": {
        "dstd": 0.0033751292307418156, 
        "dstm": 375.73660822935375, 
        "fromtruem": 13.135102486978056, 
        "lng": 55.755307975824707, 
        "ltd": 37.648428777250331
    }, 
    "RouteGSM": {
        "dstm": 336.50000000000193, 
        "lng": 37.648256950398967, 
        "ltd": 55.755000247022828
    }, 
    "TrueGPS": {
        "acc": 8.0, 
        "lng": 55.755250453948975, 
        "ltd": 37.648531794548035
    }
}{
    "RouteGPS": {
        "dstd": 0.0033751292307418156, 
        "dstm": 375.73660822935375, 
        "fromtruem": 13.135102486978056, 
        "lng": 55.755307975824707, 
        "ltd": 37.648428777250331
    }, 
    "RouteGSM": {
        "dstm": 336.50000000000193, 
        "lng": 37.648256950398967, 
        "ltd": 55.755000247022828
    }, 
    "TrueGPS": {
        "acc": 12.0, 
        "lng": 55.755250453948975, 
        "ltd": 37.648531794548035
    }
}{
    "RouteGPS": {
        "dstd": 0.0033751292307418156, 
        "dstm": 375.73660822935375, 
        "fromtruem": 13.135102486978056, 
        "lng": 55.755307975824707, 
        "ltd": 37.648428777250331
    }, 
    "RouteGSM": {
        "dstm": 337.50000000000193, 
        "lng": 37.648261329647305, 
        "ltd": 55.75500808992301
    }, 
    "TrueGPS": {
        "acc": 12.0, 
        "lng": 55.755250453948975, 
        "ltd": 37.648531794548035
    }
}{
    "RouteGPS": {
        "dstd": 0.0033751292307418156, 
        "dstm": 375.73660822935375, 
        "fromtruem": 13.135102486978056, 
        "lng": 55.755307975824707, 
        "ltd": 37.648428777250331
    }, 
    "RouteGSM": {
        "dstm": 379.00000000000227, 
        "lng": 37.648443068453318, 
        "ltd": 55.755333570280619
    }, 
    "TrueGPS": {
        "acc": 16.0, 
        "lng": 55.755250453948975, 
        "ltd": 37.648531794548035
    }
}{
    "RouteGPS": {
        "dstd": 0.0033751292307418156, 
        "dstm": 375.73660822935375, 
        "fromtruem": 13.135102486978056, 
        "lng": 55.755307975824707, 
        "ltd": 37.648428777250331
    }, 
    "RouteGSM": {
        "dstm": 367.50000000000216, 
        "lng": 37.648392707097436, 
        "ltd": 55.755243376928512
    }, 
    "TrueGPS": {
        "acc": 16.0, 
        "lng": 55.755250453948975, 
        "ltd": 37.648531794548035
    }
}{
    "RouteGPS": {
        "dstd": 0.0033751292307418156, 
        "dstm": 375.73660822935375, 
        "fromtruem": 13.135102486978056, 
        "lng": 55.755307975824707, 
        "ltd": 37.648428777250331
    }, 
    "RouteGSM": {
        "dstm": 315.00000000000176, 
        "lng": 37.648162796559703, 
        "ltd": 55.754831624668881
    }, 
    "TrueGPS": {
        "acc": 16.0, 
        "lng": 55.755250453948975, 
        "ltd": 37.648531794548035
    }
}{
    "RouteGPS": {
        "dstd": 0.0033751292307418156, 
        "dstm": 375.73660822935375, 
        "fromtruem": 13.135102486978056, 
        "lng": 55.755307975824707, 
        "ltd": 37.648428777250331
    }, 
    "RouteGSM": {
        "dstm": 315.00000000000176, 
        "lng": 37.648162796559703, 
        "ltd": 55.754831624668881
    }, 
    "TrueGPS": {
        "acc": 16.0, 
        "lng": 55.755250453948975, 
        "ltd": 37.648531794548035
    }
}{
    "RouteGPS": {
        "dstd": 0.0033751292307418156, 
        "dstm": 375.73660822935375, 
        "fromtruem": 13.135102486978056, 
        "lng": 55.755307975824707, 
        "ltd": 37.648428777250331
    }, 
    "RouteGSM": {
        "dstm": 369.00000000000216, 
        "lng": 37.648399275969943, 
        "ltd": 55.755255141278788
    }, 
    "TrueGPS": {
        "acc": 16.0, 
        "lng": 55.755250453948975, 
        "ltd": 37.648531794548035
    }
}{
    "RouteGPS": {
        "dstd": 0.0033751292307418156, 
        "dstm": 375.73660822935375, 
        "fromtruem": 13.135102486978056, 
        "lng": 55.755307975824707, 
        "ltd": 37.648428777250331
    }, 
    "RouteGSM": {
        "dstm": 369.00000000000216, 
        "lng": 37.648399275969943, 
        "ltd": 55.755255141278788
    }, 
    "TrueGPS": {
        "acc": 24.0, 
        "lng": 55.755250453948975, 
        "ltd": 37.648531794548035
    }
}{
    "RouteGPS": {
        "dstd": 0.0033751292307418156, 
        "dstm": 375.73660822935375, 
        "fromtruem": 13.135102486978056, 
        "lng": 55.755307975824707, 
        "ltd": 37.648428777250331
    }, 
    "RouteGSM": {
        "dstm": 369.00000000000216, 
        "lng": 37.648399275969943, 
        "ltd": 55.755255141278788
    }, 
    "TrueGPS": {
        "acc": 24.0, 
        "lng": 55.755250453948975, 
        "ltd": 37.648531794548035
    }
}{
    "RouteGPS": {
        "dstd": 0.0033751292307418156, 
        "dstm": 375.73660822935375, 
        "fromtruem": 13.135102486978056, 
        "lng": 55.755307975824707, 
        "ltd": 37.648428777250331
    }, 
    "RouteGSM": {
        "dstm": 369.00000000000216, 
        "lng": 37.648399275969943, 
        "ltd": 55.755255141278788
    }, 
    "TrueGPS": {
        "acc": 24.0, 
        "lng": 55.755250453948975, 
        "ltd": 37.648531794548035
    }
}{
    "RouteGPS": {
        "dstd": 0.0033751292307418156, 
        "dstm": 375.73660822935375, 
        "fromtruem": 13.135102486978056, 
        "lng": 55.755307975824707, 
        "ltd": 37.648428777250331
    }, 
    "RouteGSM": {
        "dstm": 369.00000000000216, 
        "lng": 37.648399275969943, 
        "ltd": 55.755255141278788
    }, 
    "TrueGPS": {
        "acc": 24.0, 
        "lng": 55.755250453948975, 
        "ltd": 37.648531794548035
    }
}{
    "RouteGPS": {
        "dstd": 0.0033751292307418156, 
        "dstm": 375.73660822935375, 
        "fromtruem": 13.135102486978056, 
        "lng": 55.755307975824707, 
        "ltd": 37.648428777250331
    }, 
    "RouteGSM": {
        "dstm": 369.50000000000216, 
        "lng": 37.648401465594112, 
        "ltd": 55.755259062728882
    }, 
    "TrueGPS": {
        "acc": 32.0, 
        "lng": 55.755250453948975, 
        "ltd": 37.648531794548035
    }
}{
    "RouteGPS": {
        "dstd": 0.0033751292307418156, 
        "dstm": 375.73660822935375, 
        "fromtruem": 13.135102486978056, 
        "lng": 55.755307975824707, 
        "ltd": 37.648428777250331
    }, 
    "RouteGSM": {
        "dstm": 356.0000000000021, 
        "lng": 37.648342345741554, 
        "ltd": 55.755153183576404
    }, 
    "TrueGPS": {
        "acc": 32.0, 
        "lng": 55.755250453948975, 
        "ltd": 37.648531794548035
    }
}{
    "RouteGPS": {
        "dstd": 0.0033751292307418156, 
        "dstm": 375.73660822935375, 
        "fromtruem": 13.135102486978056, 
        "lng": 55.755307975824707, 
        "ltd": 37.648428777250331
    }, 
    "RouteGSM": {
        "dstm": 356.0000000000021, 
        "lng": 37.648342345741554, 
        "ltd": 55.755153183576404
    }, 
    "TrueGPS": {
        "acc": 24.0, 
        "lng": 55.755250453948975, 
        "ltd": 37.648531794548035
    }
}{
    "RouteGPS": {
        "dstd": 0.0033751292307418156, 
        "dstm": 375.73660822935375, 
        "fromtruem": 13.135102486978056, 
        "lng": 55.755307975824707, 
        "ltd": 37.648428777250331
    }, 
    "RouteGSM": {
        "dstm": 343.50000000000199, 
        "lng": 37.648287605137334, 
        "ltd": 55.755055147324114
    }, 
    "TrueGPS": {
        "acc": 24.0, 
        "lng": 55.755250453948975, 
        "ltd": 37.648531794548035
    }
}{
    "RouteGPS": {
        "dstd": 0.0033751292307418156, 
        "dstm": 375.73660822935375, 
        "fromtruem": 13.135102486978056, 
        "lng": 55.755307975824707, 
        "ltd": 37.648428777250331
    }, 
    "RouteGSM": {
        "dstm": 332.50000000000193, 
        "lng": 37.648239433405614, 
        "ltd": 55.754968875422094
    }, 
    "TrueGPS": {
        "acc": 24.0, 
        "lng": 55.755250453948975, 
        "ltd": 37.648531794548035
    }
}{
    "RouteGPS": {
        "dstd": 0.0033751292307418156, 
        "dstm": 375.73660822935375, 
        "fromtruem": 13.135102486978056, 
        "lng": 55.755307975824707, 
        "ltd": 37.648428777250331
    }, 
    "RouteGSM": {
        "dstm": 332.50000000000193, 
        "lng": 37.648239433405614, 
        "ltd": 55.754968875422094
    }, 
    "TrueGPS": {
        "acc": 24.0, 
        "lng": 55.755250453948975, 
        "ltd": 37.648531794548035
    }
}{
    "RouteGPS": {
        "dstd": 0.0033751292307418156, 
        "dstm": 375.73660822935375, 
        "fromtruem": 13.135102486978056, 
        "lng": 55.755307975824707, 
        "ltd": 37.648428777250331
    }, 
    "RouteGSM": {
        "dstm": 336.00000000000193, 
        "lng": 37.648254760774797, 
        "ltd": 55.754996325572733
    }, 
    "TrueGPS": {
        "acc": 24.0, 
        "lng": 55.755250453948975, 
        "ltd": 37.648531794548035
    }
}{
    "RouteGPS": {
        "dstd": 0.0033751292307418156, 
        "dstm": 375.73660822935375, 
        "fromtruem": 13.135102486978056, 
        "lng": 55.755307975824707, 
        "ltd": 37.648428777250331
    }, 
    "RouteGSM": {
        "dstm": 336.00000000000193, 
        "lng": 37.648254760774797, 
        "ltd": 55.754996325572733
    }, 
    "TrueGPS": {
        "acc": 24.0, 
        "lng": 55.755250453948975, 
        "ltd": 37.648531794548035
    }
}{
    "RouteGPS": {
        "dstd": 0.0033751292307418156, 
        "dstm": 375.73660822935375, 
        "fromtruem": 13.135102486978056, 
        "lng": 55.755307975824707, 
        "ltd": 37.648428777250331
    }, 
    "RouteGSM": {
        "dstm": 338.50000000000193, 
        "lng": 37.648265708895643, 
        "ltd": 55.755015932823191
    }, 
    "TrueGPS": {
        "acc": 24.0, 
        "lng": 55.755250453948975, 
        "ltd": 37.648531794548035
    }
}{
    "RouteGPS": {
        "dstd": 0.0033751292307418156, 
        "dstm": 375.73660822935375, 
        "fromtruem": 13.135102486978056, 
        "lng": 55.755307975824707, 
        "ltd": 37.648428777250331
    }, 
    "RouteGSM": {
        "dstm": 347.50000000000205, 
        "lng": 37.648305122130679, 
        "ltd": 55.755086518924848
    }, 
    "TrueGPS": {
        "acc": 24.0, 
        "lng": 55.755250453948975, 
        "ltd": 37.648531794548035
    }
}{
    "RouteGPS": {
        "dstd": 0.0033751292307418156, 
        "dstm": 375.73660822935375, 
        "fromtruem": 13.135102486978056, 
        "lng": 55.755307975824707, 
        "ltd": 37.648428777250331
    }, 
    "RouteGSM": {
        "dstm": 347.50000000000205, 
        "lng": 37.648305122130679, 
        "ltd": 55.755086518924848
    }, 
    "TrueGPS": {
        "acc": 16.0, 
        "lng": 55.755250453948975, 
        "ltd": 37.648531794548035
    }
}{
    "RouteGPS": {
        "dstd": 0.0028763007526315517, 
        "dstm": 320.20447667533722, 
        "fromtruem": 3.1035981768262024, 
        "lng": 55.754872442859956, 
        "ltd": 37.648185588255537
    }, 
    "RouteGSM": {
        "dstm": 281.50000000000153, 
        "lng": 37.648016091740395, 
        "ltd": 55.75456888751274
    }, 
    "TrueGPS": {
        "acc": 6.0, 
        "lng": 55.7548588514328, 
        "ltd": 37.648209929466248
    }
}{
    "RouteGPS": {
        "dstd": 0.0028575658087347119, 
        "dstm": 318.11880712199138, 
        "fromtruem": 4.2681756563694231, 
        "lng": 55.754856085161833, 
        "ltd": 37.648176454590612
    }, 
    "RouteGSM": {
        "dstm": 281.00000000000153, 
        "lng": 37.648013902116226, 
        "ltd": 55.754564966062652
    }, 
    "TrueGPS": {
        "acc": 6.0, 
        "lng": 55.754837393760681, 
        "ltd": 37.648209929466248
    }
}{
    "RouteGPS": {
        "dstd": 0.0028549505461978198, 
        "dstm": 317.82766275149118, 
        "fromtruem": 3.7467582679163933, 
        "lng": 55.754853801745597, 
        "ltd": 37.648175179597111
    }, 
    "RouteGSM": {
        "dstm": 280.00000000000153, 
        "lng": 37.648009522867888, 
        "ltd": 55.754557123162463
    }, 
    "TrueGPS": {
        "acc": 6.0, 
        "lng": 55.754837393760681, 
        "ltd": 37.648204565048218
    }
}{
    "RouteGPS": {
        "dstd": 0.0028367623913836352, 
        "dstm": 315.80286454892575, 
        "fromtruem": 6.2453148947852419, 
        "lng": 55.754837921455405, 
        "ltd": 37.648166312502944
    }, 
    "RouteGSM": {
        "dstm": 278.00000000000153, 
        "lng": 37.648000764371211, 
        "ltd": 55.7545414373621
    }, 
    "TrueGPS": {
        "acc": 8.0, 
        "lng": 55.754810571670532, 
        "ltd": 37.648215293884277
    }
}{
    "RouteGPS": {
        "dstd": 0.0028461298633306858, 
        "dstm": 316.84569932544622, 
        "fromtruem": 5.6630261544754932, 
        "lng": 55.754846100304462, 
        "ltd": 37.64817087933541
    }, 
    "RouteGSM": {
        "dstm": 293.00000000000165, 
        "lng": 37.648066453096277, 
        "ltd": 55.754659080864847
    }, 
    "TrueGPS": {
        "acc": 8.0, 
        "lng": 55.754821300506592, 
        "ltd": 37.648215293884277
    }
}{
    "RouteGPS": {
        "dstd": 0.0028435146008034613, 
        "dstm": 316.55455495602229, 
        "fromtruem": 5.1416087657174563, 
        "lng": 55.754843816888233, 
        "ltd": 37.648169604341916
    }, 
    "RouteGSM": {
        "dstm": 300.50000000000171, 
        "lng": 37.648099297458806, 
        "ltd": 55.754717902616228
    }, 
    "TrueGPS": {
        "acc": 8.0, 
        "lng": 55.754821300506592, 
        "ltd": 37.648209929466248
    }
}{
    "RouteGPS": {
        "dstd": 0.0028461298633306858, 
        "dstm": 316.84569932544622, 
        "fromtruem": 5.6630261544754932, 
        "lng": 55.754846100304462, 
        "ltd": 37.64817087933541
    }, 
    "RouteGSM": {
        "dstm": 293.00000000000165, 
        "lng": 37.648066453096277, 
        "ltd": 55.754659080864847
    }, 
    "TrueGPS": {
        "acc": 8.0, 
        "lng": 55.754821300506592, 
        "ltd": 37.648215293884277
    }
}{
    "RouteGPS": {
        "dstd": 0.0028414461273588926, 
        "dstm": 316.32428193737883, 
        "fromtruem": 5.954170524285046, 
        "lng": 55.754842010879933, 
        "ltd": 37.648168595919181
    }, 
    "RouteGSM": {
        "dstm": 286.00000000000159, 
        "lng": 37.64803579835791, 
        "ltd": 55.754604180563568
    }, 
    "TrueGPS": {
        "acc": 12.0, 
        "lng": 55.754815936088562, 
        "ltd": 37.648215293884277
    }
}{
    "RouteGPS": {
        "dstd": 0.0028414461273588926, 
        "dstm": 316.32428193737883, 
        "fromtruem": 5.954170524285046, 
        "lng": 55.754842010879933, 
        "ltd": 37.648168595919181
    }, 
    "RouteGSM": {
        "dstm": 286.50000000000159, 
        "lng": 37.648037987982079, 
        "ltd": 55.754608102013655
    }, 
    "TrueGPS": {
        "acc": 12.0, 
        "lng": 55.754815936088562, 
        "ltd": 37.648215293884277
    }
}{
    "RouteGPS": {
        "dstd": 0.0028461298633306858, 
        "dstm": 316.84569932544622, 
        "fromtruem": 5.6630261544754932, 
        "lng": 55.754846100304462, 
        "ltd": 37.64817087933541
    }, 
    "RouteGSM": {
        "dstm": 324.00000000000188, 
        "lng": 37.648202209794746, 
        "ltd": 55.754902210770538
    }, 
    "TrueGPS": {
        "acc": 12.0, 
        "lng": 55.754821300506592, 
        "ltd": 37.648215293884277
    }
}{
    "RouteGPS": {
        "dstd": 0.0028534288618393706, 
        "dstm": 317.65826108401382, 
        "fromtruem": 5.8932991731189697, 
        "lng": 55.754852473145228, 
        "ltd": 37.648174437745141
    }, 
    "RouteGSM": {
        "dstm": 325.00000000000188, 
        "lng": 37.648206589043085, 
        "ltd": 55.75491005367072
    }, 
    "TrueGPS": {
        "acc": 12.0, 
        "lng": 55.754826664924622, 
        "ltd": 37.648220658302307
    }
}{
    "RouteGPS": {
        "dstd": 0.0028487451258675778, 
        "dstm": 317.13684369594642, 
        "fromtruem": 6.1844435429285234, 
        "lng": 55.754848383720699, 
        "ltd": 37.648172154328911
    }, 
    "RouteGSM": {
        "dstm": 325.00000000000188, 
        "lng": 37.648206589043085, 
        "ltd": 55.75491005367072
    }, 
    "TrueGPS": {
        "acc": 16.0, 
        "lng": 55.754821300506592, 
        "ltd": 37.648220658302307
    }
}{
    "RouteGPS": {
        "dstd": 0.0028513603883948018, 
        "dstm": 317.4279880653703, 
        "fromtruem": 6.7058609316865603, 
        "lng": 55.754850667136928, 
        "ltd": 37.648173429322405
    }, 
    "RouteGSM": {
        "dstm": 309.00000000000176, 
        "lng": 37.648136521069681, 
        "ltd": 55.754784567267784
    }, 
    "TrueGPS": {
        "acc": 16.0, 
        "lng": 55.754821300506592, 
        "ltd": 37.648226022720337
    }
}{
    "RouteGPS": {
        "dstd": 0.0028487451258675778, 
        "dstm": 317.13684369594642, 
        "fromtruem": 6.1844435429285234, 
        "lng": 55.754848383720699, 
        "ltd": 37.648172154328911
    }, 
    "RouteGSM": {
        "dstm": 226.50000000000114, 
        "lng": 37.647775233081823, 
        "ltd": 55.754137528002651
    }, 
    "TrueGPS": {
        "acc": 16.0, 
        "lng": 55.754821300506592, 
        "ltd": 37.648220658302307
    }
}{
    "RouteGPS": {
        "dstd": 0.0028487451258675778, 
        "dstm": 317.13684369594642, 
        "fromtruem": 6.1844435429285234, 
        "lng": 55.754848383720699, 
        "ltd": 37.648172154328911
    }, 
    "RouteGSM": {
        "dstm": 224.50000000000111, 
        "lng": 37.647766474585147, 
        "ltd": 55.754121842202288
    }, 
    "TrueGPS": {
        "acc": 16.0, 
        "lng": 55.754821300506592, 
        "ltd": 37.648220658302307
    }
}{
    "RouteGPS": {
        "dstd": 0.0028487451258675778, 
        "dstm": 317.13684369594642, 
        "fromtruem": 6.1844435429285234, 
        "lng": 55.754848383720699, 
        "ltd": 37.648172154328911
    }, 
    "RouteGSM": {
        "dstm": 227.00000000000114, 
        "lng": 37.647777422705985, 
        "ltd": 55.754141449452746
    }, 
    "TrueGPS": {
        "acc": 16.0, 
        "lng": 55.754821300506592, 
        "ltd": 37.648220658302307
    }
}{
    "RouteGPS": {
        "dstd": 0.0028487451258675778, 
        "dstm": 317.13684369594642, 
        "fromtruem": 6.1844435429285234, 
        "lng": 55.754848383720699, 
        "ltd": 37.648172154328911
    }, 
    "RouteGSM": {
        "dstm": 230.50000000000117, 
        "lng": 37.647792750075169, 
        "ltd": 55.754168899603386
    }, 
    "TrueGPS": {
        "acc": 16.0, 
        "lng": 55.754821300506592, 
        "ltd": 37.648220658302307
    }
}{
    "RouteGPS": {
        "dstd": 0.0028487451258675778, 
        "dstm": 317.13684369594642, 
        "fromtruem": 6.1844435429285234, 
        "lng": 55.754848383720699, 
        "ltd": 37.648172154328911
    }, 
    "RouteGSM": {
        "dstm": 263.00000000000142, 
        "lng": 37.647935075646146, 
        "ltd": 55.754423793859345
    }, 
    "TrueGPS": {
        "acc": 16.0, 
        "lng": 55.754821300506592, 
        "ltd": 37.648220658302307
    }
}{
    "RouteGPS": {
        "dstd": 0.0028487451258675778, 
        "dstm": 317.13684369594642, 
        "fromtruem": 6.1844435429285234, 
        "lng": 55.754848383720699, 
        "ltd": 37.648172154328911
    }, 
    "RouteGSM": {
        "dstm": 266.50000000000142, 
        "lng": 37.647950403015329, 
        "ltd": 55.754451244009992
    }, 
    "TrueGPS": {
        "acc": 16.0, 
        "lng": 55.754821300506592, 
        "ltd": 37.648220658302307
    }
}{
    "RouteGPS": {
        "dstd": 0.0028487451258675778, 
        "dstm": 317.13684369594642, 
        "fromtruem": 6.1844435429285234, 
        "lng": 55.754848383720699, 
        "ltd": 37.648172154328911
    }, 
    "RouteGSM": {
        "dstm": 266.50000000000142, 
        "lng": 37.647950403015329, 
        "ltd": 55.754451244009992
    }, 
    "TrueGPS": {
        "acc": 12.0, 
        "lng": 55.754821300506592, 
        "ltd": 37.648220658302307
    }
}{
    "RouteGPS": {
        "dstd": 0.0028487451258675778, 
        "dstm": 317.13684369594642, 
        "fromtruem": 6.1844435429285234, 
        "lng": 55.754848383720699, 
        "ltd": 37.648172154328911
    }, 
    "RouteGSM": {
        "dstm": 254.50000000000134, 
        "lng": 37.647897852035278, 
        "ltd": 55.75435712920779
    }, 
    "TrueGPS": {
        "acc": 12.0, 
        "lng": 55.754821300506592, 
        "ltd": 37.648220658302307
    }
}{
    "RouteGPS": {
        "dstd": 0.0028487451258675778, 
        "dstm": 317.13684369594642, 
        "fromtruem": 6.1844435429285234, 
        "lng": 55.754848383720699, 
        "ltd": 37.648172154328911
    }, 
    "RouteGSM": {
        "dstm": 265.50000000000142, 
        "lng": 37.647946023766991, 
        "ltd": 55.754443401109803
    }, 
    "TrueGPS": {
        "acc": 12.0, 
        "lng": 55.754821300506592, 
        "ltd": 37.648220658302307
    }
}{
    "RouteGPS": {
        "dstd": 0.002844061389886117, 
        "dstm": 316.61542630680276, 
        "fromtruem": 6.4755879130430838, 
        "lng": 55.754844294296163, 
        "ltd": 37.648169870912675
    }, 
    "RouteGSM": {
        "dstm": 280.00000000000153, 
        "lng": 37.648009522867888, 
        "ltd": 55.754557123162463
    }, 
    "TrueGPS": {
        "acc": 12.0, 
        "lng": 55.754815936088562, 
        "ltd": 37.648220658302307
    }
}{
    "RouteGPS": {
        "dstd": 0.002844061389886117, 
        "dstm": 316.61542630680276, 
        "fromtruem": 6.4755879130430838, 
        "lng": 55.754844294296163, 
        "ltd": 37.648169870912675
    }, 
    "RouteGSM": {
        "dstm": 300.00000000000165, 
        "lng": 37.648097107834644, 
        "ltd": 55.754713981166134
    }, 
    "TrueGPS": {
        "acc": 16.0, 
        "lng": 55.754815936088562, 
        "ltd": 37.648220658302307
    }
}{
    "RouteGPS": {
        "dstd": 0.0028487451258675778, 
        "dstm": 317.13684369594642, 
        "fromtruem": 6.1844435429285234, 
        "lng": 55.754848383720699, 
        "ltd": 37.648172154328911
    }, 
    "RouteGSM": {
        "dstm": 299.00000000000165, 
        "lng": 37.648092728586306, 
        "ltd": 55.754706138265952
    }, 
    "TrueGPS": {
        "acc": 16.0, 
        "lng": 55.754821300506592, 
        "ltd": 37.648220658302307
    }
}{
    "RouteGPS": {
        "dstd": 0.0028487451258675778, 
        "dstm": 317.13684369594642, 
        "fromtruem": 6.1844435429285234, 
        "lng": 55.754848383720699, 
        "ltd": 37.648172154328911
    }, 
    "RouteGSM": {
        "dstm": 306.00000000000171, 
        "lng": 37.648123383324666, 
        "ltd": 55.754761038567231
    }, 
    "TrueGPS": {
        "acc": 16.0, 
        "lng": 55.754821300506592, 
        "ltd": 37.648220658302307
    }
}{
    "RouteGPS": {
        "dstd": 0.0028487451258675778, 
        "dstm": 317.13684369594642, 
        "fromtruem": 6.1844435429285234, 
        "lng": 55.754848383720699, 
        "ltd": 37.648172154328911
    }, 
    "RouteGSM": {
        "dstm": 307.00000000000171, 
        "lng": 37.648127762573004, 
        "ltd": 55.75476888146742
    }, 
    "TrueGPS": {
        "acc": 16.0, 
        "lng": 55.754821300506592, 
        "ltd": 37.648220658302307
    }
}{
    "RouteGPS": {
        "dstd": 0.0028487451258675778, 
        "dstm": 317.13684369594642, 
        "fromtruem": 6.1844435429285234, 
        "lng": 55.754848383720699, 
        "ltd": 37.648172154328911
    }, 
    "RouteGSM": {
        "dstm": 358.0000000000021, 
        "lng": 37.64835110423823, 
        "ltd": 55.755168869376774
    }, 
    "TrueGPS": {
        "acc": 16.0, 
        "lng": 55.754821300506592, 
        "ltd": 37.648220658302307
    }
}{
    "RouteGPS": {
        "dstd": 0.0028487451258675778, 
        "dstm": 317.13684369594642, 
        "fromtruem": 6.1844435429285234, 
        "lng": 55.754848383720699, 
        "ltd": 37.648172154328911
    }, 
    "RouteGSM": {
        "dstm": 358.0000000000021, 
        "lng": 37.64835110423823, 
        "ltd": 55.755168869376774
    }, 
    "TrueGPS": {
        "acc": 24.0, 
        "lng": 55.754821300506592, 
        "ltd": 37.648220658302307
    }
}{
    "RouteGPS": {
        "dstd": 0.0028487451258675778, 
        "dstm": 317.13684369594642, 
        "fromtruem": 6.1844435429285234, 
        "lng": 55.754848383720699, 
        "ltd": 37.648172154328911
    }, 
    "RouteGSM": {
        "dstm": 358.5000000000021, 
        "lng": 37.648353293862399, 
        "ltd": 55.755172790826862
    }, 
    "TrueGPS": {
        "acc": 24.0, 
        "lng": 55.754821300506592, 
        "ltd": 37.648220658302307
    }
}{
    "RouteGPS": {
        "dstd": 0.0028487451258675778, 
        "dstm": 317.13684369594642, 
        "fromtruem": 6.1844435429285234, 
        "lng": 55.754848383720699, 
        "ltd": 37.648172154328911
    }, 
    "RouteGSM": {
        "dstm": 321.50000000000182, 
        "lng": 37.648191261673901, 
        "ltd": 55.75488260352008
    }, 
    "TrueGPS": {
        "acc": 24.0, 
        "lng": 55.754821300506592, 
        "ltd": 37.648220658302307
    }
}{
    "RouteGPS": {
        "dstd": 0.0028487451258675778, 
        "dstm": 317.13684369594642, 
        "fromtruem": 6.1844435429285234, 
        "lng": 55.754848383720699, 
        "ltd": 37.648172154328911
    }, 
    "RouteGSM": {
        "dstm": 299.50000000000165, 
        "lng": 37.648094918210475, 
        "ltd": 55.754710059716039
    }, 
    "TrueGPS": {
        "acc": 24.0, 
        "lng": 55.754821300506592, 
        "ltd": 37.648220658302307
    }
}{
    "RouteGPS": {
        "dstd": 0.0028487451258675778, 
        "dstm": 317.13684369594642, 
        "fromtruem": 6.1844435429285234, 
        "lng": 55.754848383720699, 
        "ltd": 37.648172154328911
    }, 
    "RouteGSM": {
        "dstm": 295.50000000000165, 
        "lng": 37.648077401217122, 
        "ltd": 55.754678688115305
    }, 
    "TrueGPS": {
        "acc": 24.0, 
        "lng": 55.754821300506592, 
        "ltd": 37.648220658302307
    }
}{
    "RouteGPS": {
        "dstd": 0.002844061389886117, 
        "dstm": 316.61542630680276, 
        "fromtruem": 6.4755879130430838, 
        "lng": 55.754844294296163, 
        "ltd": 37.648169870912675
    }, 
    "RouteGSM": {
        "dstm": 295.00000000000165, 
        "lng": 37.648075211592953, 
        "ltd": 55.754674766665218
    }, 
    "TrueGPS": {
        "acc": 24.0, 
        "lng": 55.754815936088562, 
        "ltd": 37.648220658302307
    }
}{
    "RouteGPS": {
        "dstd": 0.002844061389886117, 
        "dstm": 316.61542630680276, 
        "fromtruem": 6.4755879130430838, 
        "lng": 55.754844294296163, 
        "ltd": 37.648169870912675
    }, 
    "RouteGSM": {
        "dstm": 295.00000000000165, 
        "lng": 37.648075211592953, 
        "ltd": 55.754674766665218
    }, 
    "TrueGPS": {
        "acc": 24.0, 
        "lng": 55.754815936088562, 
        "ltd": 37.648220658302307
    }
}{
    "RouteGPS": {
        "dstd": 0.002844061389886117, 
        "dstm": 316.61542630680276, 
        "fromtruem": 6.4755879130430838, 
        "lng": 55.754844294296163, 
        "ltd": 37.648169870912675
    }, 
    "RouteGSM": {
        "dstm": 304.50000000000171, 
        "lng": 37.648116814452159, 
        "ltd": 55.754749274216962
    }, 
    "TrueGPS": {
        "acc": 24.0, 
        "lng": 55.754815936088562, 
        "ltd": 37.648220658302307
    }
}{
    "RouteGPS": {
        "dstd": 0.0022921901316890099, 
        "dstm": 255.17830181226245, 
        "fromtruem": 1.7932125772189229, 
        "lng": 55.754362449061198, 
        "ltd": 37.647900822487358
    }, 
    "RouteGSM": {
        "dstm": 223.00000000000111, 
        "lng": 37.64775990571264, 
        "ltd": 55.754110077852012
    }, 
    "TrueGPS": {
        "acc": 12.0, 
        "lng": 55.754354596138, 
        "ltd": 37.647914886474609
    }
}{
    "RouteGPS": {
        "dstd": 0.0022880531848033362, 
        "dstm": 254.71775577536113, 
        "fromtruem": 3.4183360936634619, 
        "lng": 55.754358837044599, 
        "ltd": 37.647898805641894
    }, 
    "RouteGSM": {
        "dstm": 224.00000000000111, 
        "lng": 37.647764284960978, 
        "ltd": 55.754117920752194
    }, 
    "TrueGPS": {
        "acc": 12.0, 
        "lng": 55.754343867301941, 
        "ltd": 37.647925615310669
    }
}{
    "RouteGPS": {
        "dstd": 0.0022953521833120214, 
        "dstm": 255.53031753392872, 
        "fromtruem": 3.6486091123069384, 
        "lng": 55.754365209885364, 
        "ltd": 37.647902364051625
    }, 
    "RouteGSM": {
        "dstm": 207.00000000000102, 
        "lng": 37.647689837739236, 
        "ltd": 55.753984591449075
    }, 
    "TrueGPS": {
        "acc": 12.0, 
        "lng": 55.754349231719971, 
        "ltd": 37.647930979728699
    }
}{
    "RouteGPS": {
        "dstd": 0.0023000359192838142, 
        "dstm": 256.05173492199611, 
        "fromtruem": 3.3574647424973847, 
        "lng": 55.754369299309893, 
        "ltd": 37.647904647467854
    }, 
    "RouteGSM": {
        "dstm": 207.00000000000102, 
        "lng": 37.647689837739236, 
        "ltd": 55.753984591449075
    }, 
    "TrueGPS": {
        "acc": 12.0, 
        "lng": 55.754354596138, 
        "ltd": 37.647930979728699
    }
}{
    "RouteGPS": {
        "dstd": 0.0023120186537642926, 
        "dstm": 257.3857140686311, 
        "fromtruem": 3.2965933913313075, 
        "lng": 55.754379761575187, 
        "ltd": 37.647910489293814
    }, 
    "RouteGSM": {
        "dstm": 181.00000000000082, 
        "lng": 37.647575977282457, 
        "ltd": 55.753780676044308
    }, 
    "TrueGPS": {
        "acc": 12.0, 
        "lng": 55.75436532497406, 
        "ltd": 37.647936344146729
    }
}{
    "RouteGPS": {
        "dstd": 0.0023094033912370686, 
        "dstm": 257.09456969920723, 
        "fromtruem": 2.7751760025732701, 
        "lng": 55.754377478158958, 
        "ltd": 37.64790921430032
    }, 
    "RouteGSM": {
        "dstm": 181.00000000000082, 
        "lng": 37.647575977282457, 
        "ltd": 55.753780676044308
    }, 
    "TrueGPS": {
        "acc": 12.0, 
        "lng": 55.75436532497406, 
        "ltd": 37.647930979728699
    }
}{
    "RouteGPS": {
        "dstd": 0.0023140871272088613, 
        "dstm": 257.61598708727456, 
        "fromtruem": 2.4840316327637173, 
        "lng": 55.754381567583486, 
        "ltd": 37.647911497716549
    }, 
    "RouteGSM": {
        "dstm": 181.00000000000082, 
        "lng": 37.647575977282457, 
        "ltd": 55.753780676044308
    }, 
    "TrueGPS": {
        "acc": 12.0, 
        "lng": 55.75437068939209, 
        "ltd": 37.647930979728699
    }
}{
    "RouteGPS": {
        "dstd": 0.0023109250755955174, 
        "dstm": 257.26397136668459, 
        "fromtruem": 0.62863509737069423, 
        "lng": 55.754378806759327, 
        "ltd": 37.64790995615229
    }, 
    "RouteGSM": {
        "dstm": 177.0000000000008, 
        "lng": 37.647558460289105, 
        "ltd": 55.753749304443573
    }, 
    "TrueGPS": {
        "acc": 12.0, 
        "lng": 55.75437605381012, 
        "ltd": 37.647914886474609
    }
}{
    "RouteGPS": {
        "dstd": 0.0023150620224811911, 
        "dstm": 257.72451740358593, 
        "fromtruem": 0.99648841907384456, 
        "lng": 55.754382418775926, 
        "ltd": 37.647911972997754
    }, 
    "RouteGSM": {
        "dstm": 153.00000000000063, 
        "lng": 37.647453358329003, 
        "ltd": 55.753561074839176
    }, 
    "TrueGPS": {
        "acc": 12.0, 
        "lng": 55.754386782646179, 
        "ltd": 37.64790415763855
    }
}{
    "RouteGPS": {
        "dstd": 0.0023218142319037564, 
        "dstm": 258.47620781098738, 
        "fromtruem": 2.100194547065354, 
        "lng": 55.754388314208761, 
        "ltd": 37.647915264836719
    }, 
    "RouteGSM": {
        "dstm": 124.50000000000041, 
        "lng": 37.647328549751371, 
        "ltd": 55.75333755218395
    }, 
    "TrueGPS": {
        "acc": 12.0, 
        "lng": 55.754397511482239, 
        "ltd": 37.64789879322052
    }
}{
    "RouteGPS": {
        "dstd": 0.0023191989693703285, 
        "dstm": 258.18506344087285, 
        "fromtruem": 2.6216119362090251, 
        "lng": 55.754386030792524, 
        "ltd": 37.647913989843225
    }, 
    "RouteGSM": {
        "dstm": 125.00000000000041, 
        "lng": 37.647330739375541, 
        "ltd": 55.753341473634038
    }, 
    "TrueGPS": {
        "acc": 16.0, 
        "lng": 55.754397511482239, 
        "ltd": 37.64789342880249
    }
}{
    "RouteGPS": {
        "dstd": 0.0023191989693703285, 
        "dstm": 258.18506344087285, 
        "fromtruem": 2.6216119362090251, 
        "lng": 55.754386030792524, 
        "ltd": 37.647913989843225
    }, 
    "RouteGSM": {
        "dstm": 125.00000000000041, 
        "lng": 37.647330739375541, 
        "ltd": 55.753341473634038
    }, 
    "TrueGPS": {
        "acc": 12.0, 
        "lng": 55.754397511482239, 
        "ltd": 37.64789342880249
    }
}{
    "RouteGPS": {
        "dstd": 0.0023191989693703285, 
        "dstm": 258.18506344087285, 
        "fromtruem": 2.6216119362090251, 
        "lng": 55.754386030792524, 
        "ltd": 37.647913989843225
    }, 
    "RouteGSM": {
        "dstm": 188.50000000000088, 
        "lng": 37.647608821644987, 
        "ltd": 55.753839497795681
    }, 
    "TrueGPS": {
        "acc": 12.0, 
        "lng": 55.754397511482239, 
        "ltd": 37.64789342880249
    }
}{
    "RouteGPS": {
        "dstd": 0.0023191989693703285, 
        "dstm": 258.18506344087285, 
        "fromtruem": 2.6216119362090251, 
        "lng": 55.754386030792524, 
        "ltd": 37.647913989843225
    }, 
    "RouteGSM": {
        "dstm": 193.50000000000091, 
        "lng": 37.647630717886678, 
        "ltd": 55.753878712296604
    }, 
    "TrueGPS": {
        "acc": 12.0, 
        "lng": 55.754397511482239, 
        "ltd": 37.64789342880249
    }
}{
    "RouteGPS": {
        "dstd": 0.0023191989693703285, 
        "dstm": 258.18506344087285, 
        "fromtruem": 2.6216119362090251, 
        "lng": 55.754386030792524, 
        "ltd": 37.647913989843225
    }, 
    "RouteGSM": {
        "dstm": 240.00000000000122, 
        "lng": 37.647834352934382, 
        "ltd": 55.75424340715513
    }, 
    "TrueGPS": {
        "acc": 12.0, 
        "lng": 55.754397511482239, 
        "ltd": 37.64789342880249
    }
}{
    "RouteGPS": {
        "dstd": 0.0023238827053483255, 
        "dstm": 258.70648082963089, 
        "fromtruem": 2.9127563056329442, 
        "lng": 55.75439012021706, 
        "ltd": 37.647916273259455
    }, 
    "RouteGSM": {
        "dstm": 238.50000000000122, 
        "lng": 37.647827784061874, 
        "ltd": 55.754231642804854
    }, 
    "TrueGPS": {
        "acc": 12.0, 
        "lng": 55.754402875900269, 
        "ltd": 37.64789342880249
    }
}{
    "RouteGPS": {
        "dstd": 0.0023238827053483255, 
        "dstm": 258.70648082963089, 
        "fromtruem": 2.9127563056329442, 
        "lng": 55.75439012021706, 
        "ltd": 37.647916273259455
    }, 
    "RouteGSM": {
        "dstm": 242.00000000000125, 
        "lng": 37.647843111431051, 
        "ltd": 55.754259092955493
    }, 
    "TrueGPS": {
        "acc": 12.0, 
        "lng": 55.754402875900269, 
        "ltd": 37.64789342880249
    }
}{
    "RouteGPS": {
        "dstd": 0.0017588630770174985, 
        "dstm": 195.80561267965072, 
        "fromtruem": 13.057715652386698, 
        "lng": 55.753896794986709, 
        "ltd": 37.647640814737173
    }, 
    "RouteGSM": {
        "dstm": 111.00000000000031, 
        "lng": 37.647269429898813, 
        "ltd": 55.753231673031472
    }, 
    "TrueGPS": {
        "acc": 8.0, 
        "lng": 55.753839612007141, 
        "ltd": 37.647743225097656
    }
}{
    "RouteGPS": {
        "dstd": 0.0017510172894226938, 
        "dstm": 194.93217956991705, 
        "fromtruem": 11.493463487108237, 
        "lng": 55.753889944738013, 
        "ltd": 37.647636989756677
    }, 
    "RouteGSM": {
        "dstm": 111.00000000000031, 
        "lng": 37.647269429898813, 
        "ltd": 55.753231673031472
    }, 
    "TrueGPS": {
        "acc": 8.0, 
        "lng": 55.753839612007141, 
        "ltd": 37.647727131843567
    }
}{
    "RouteGPS": {
        "dstd": 0.0017457867643585773, 
        "dstm": 194.34989082999292, 
        "fromtruem": 10.45062870989717, 
        "lng": 55.753885377905547, 
        "ltd": 37.647634439769682
    }, 
    "RouteGSM": {
        "dstm": 113.00000000000033, 
        "lng": 37.647278188395489, 
        "ltd": 55.753247358831835
    }, 
    "TrueGPS": {
        "acc": 8.0, 
        "lng": 55.753839612007141, 
        "ltd": 37.647716403007507
    }
}{
    "RouteGPS": {
        "dstd": 0.0017379409767637728, 
        "dstm": 193.47645772025928, 
        "fromtruem": 8.8863765446187077, 
        "lng": 55.753878527656852, 
        "ltd": 37.647630614789186
    }, 
    "RouteGSM": {
        "dstm": 102.50000000000026, 
        "lng": 37.647232206287946, 
        "ltd": 55.753165008379909
    }, 
    "TrueGPS": {
        "acc": 8.0, 
        "lng": 55.753839612007141, 
        "ltd": 37.647700309753418
    }
}{
    "RouteGPS": {
        "dstd": 0.0017331385578893308, 
        "dstm": 192.94182794586604, 
        "fromtruem": 3.0290425682444524, 
        "lng": 55.753874334608895, 
        "ltd": 37.647628273512638
    }, 
    "RouteGSM": {
        "dstm": 92.000000000000185, 
        "lng": 37.647186224180402, 
        "ltd": 55.753082657927983
    }, 
    "TrueGPS": {
        "acc": 12.0, 
        "lng": 55.75386106967926, 
        "ltd": 37.64765202999115
    }
}{
    "RouteGPS": {
        "dstd": 0.0017378222938611238, 
        "dstm": 193.46324533393343, 
        "fromtruem": 2.7378981984348991, 
        "lng": 55.753878424033424, 
        "ltd": 37.647630556928867
    }, 
    "RouteGSM": {
        "dstm": 90.500000000000171, 
        "lng": 37.647179655307895, 
        "ltd": 55.753070893577714
    }, 
    "TrueGPS": {
        "acc": 12.0, 
        "lng": 55.75386643409729, 
        "ltd": 37.64765202999115
    }
}{
    "RouteGPS": {
        "dstd": 0.0017352070313304355, 
        "dstm": 193.17210096412387, 
        "fromtruem": 2.216480810367504, 
        "lng": 55.753876140617194, 
        "ltd": 37.647629281935366
    }, 
    "RouteGSM": {
        "dstm": 90.000000000000171, 
        "lng": 37.647177465683725, 
        "ltd": 55.75306697212762
    }, 
    "TrueGPS": {
        "acc": 12.0, 
        "lng": 55.75386643409729, 
        "ltd": 37.64764666557312
    }
}{
    "RouteGPS": {
        "dstd": 0.0017352070313304355, 
        "dstm": 193.17210096412387, 
        "fromtruem": 2.216480810367504, 
        "lng": 55.753876140617194, 
        "ltd": 37.647629281935366
    }, 
    "RouteGSM": {
        "dstm": 90.500000000000171, 
        "lng": 37.647179655307895, 
        "ltd": 55.753070893577714
    }, 
    "TrueGPS": {
        "acc": 12.0, 
        "lng": 55.75386643409729, 
        "ltd": 37.64764666557312
    }
}{
    "RouteGPS": {
        "dstd": 0.0017352070313304355, 
        "dstm": 193.17210096412387, 
        "fromtruem": 2.216480810367504, 
        "lng": 55.753876140617194, 
        "ltd": 37.647629281935366
    }, 
    "RouteGSM": {
        "dstm": 90.500000000000171, 
        "lng": 37.647179655307895, 
        "ltd": 55.753070893577714
    }, 
    "TrueGPS": {
        "acc": 12.0, 
        "lng": 55.75386643409729, 
        "ltd": 37.64764666557312
    }
}{
    "RouteGPS": {
        "dstd": 0.0017352070313304355, 
        "dstm": 193.17210096412387, 
        "fromtruem": 2.216480810367504, 
        "lng": 55.753876140617194, 
        "ltd": 37.647629281935366
    }, 
    "RouteGSM": {
        "dstm": 90.500000000000171, 
        "lng": 37.647179655307895, 
        "ltd": 55.753070893577714
    }, 
    "TrueGPS": {
        "acc": 12.0, 
        "lng": 55.75386643409729, 
        "ltd": 37.64764666557312
    }
}{
    "RouteGPS": {
        "dstd": 0.0017352070313304355, 
        "dstm": 193.17210096412387, 
        "fromtruem": 2.216480810367504, 
        "lng": 55.753876140617194, 
        "ltd": 37.647629281935366
    }, 
    "RouteGSM": {
        "dstm": 92.000000000000185, 
        "lng": 37.647186224180402, 
        "ltd": 55.753082657927983
    }, 
    "TrueGPS": {
        "acc": 12.0, 
        "lng": 55.75386643409729, 
        "ltd": 37.64764666557312
    }
}{
    "RouteGPS": {
        "dstd": 0.0017352070313304355, 
        "dstm": 193.17210096412387, 
        "fromtruem": 2.216480810367504, 
        "lng": 55.753876140617194, 
        "ltd": 37.647629281935366
    }, 
    "RouteGSM": {
        "dstm": 102.00000000000026, 
        "lng": 37.647230016663777, 
        "ltd": 55.753161086929822
    }, 
    "TrueGPS": {
        "acc": 12.0, 
        "lng": 55.75386643409729, 
        "ltd": 37.64764666557312
    }
}{
    "RouteGPS": {
        "dstd": 0.0017352070313304355, 
        "dstm": 193.17210096412387, 
        "fromtruem": 2.216480810367504, 
        "lng": 55.753876140617194, 
        "ltd": 37.647629281935366
    }, 
    "RouteGSM": {
        "dstm": 100.00000000000024, 
        "lng": 37.6472212581671, 
        "ltd": 55.753145401129451
    }, 
    "TrueGPS": {
        "acc": 12.0, 
        "lng": 55.75386643409729, 
        "ltd": 37.64764666557312
    }
}{
    "RouteGPS": {
        "dstd": 0.0017352070313304355, 
        "dstm": 193.17210096412387, 
        "fromtruem": 2.216480810367504, 
        "lng": 55.753876140617194, 
        "ltd": 37.647629281935366
    }, 
    "RouteGSM": {
        "dstm": 105.50000000000028, 
        "lng": 37.64724534403296, 
        "ltd": 55.753188537080462
    }, 
    "TrueGPS": {
        "acc": 12.0, 
        "lng": 55.75386643409729, 
        "ltd": 37.64764666557312
    }
}{
    "RouteGPS": {
        "dstd": 0.0017352070313304355, 
        "dstm": 193.17210096412387, 
        "fromtruem": 2.216480810367504, 
        "lng": 55.753876140617194, 
        "ltd": 37.647629281935366
    }, 
    "RouteGSM": {
        "dstm": 130.00000000000045, 
        "lng": 37.647352635617231, 
        "ltd": 55.753380688134953
    }, 
    "TrueGPS": {
        "acc": 12.0, 
        "lng": 55.75386643409729, 
        "ltd": 37.64764666557312
    }
}{
    "RouteGPS": {
        "dstd": 0.0017352070313304355, 
        "dstm": 193.17210096412387, 
        "fromtruem": 2.216480810367504, 
        "lng": 55.753876140617194, 
        "ltd": 37.647629281935366
    }, 
    "RouteGSM": {
        "dstm": 119.50000000000037, 
        "lng": 37.647306653509688, 
        "ltd": 55.753298337683027
    }, 
    "TrueGPS": {
        "acc": 12.0, 
        "lng": 55.75386643409729, 
        "ltd": 37.64764666557312
    }
}{
    "RouteGPS": {
        "dstd": 0.0017352070313304355, 
        "dstm": 193.17210096412387, 
        "fromtruem": 2.216480810367504, 
        "lng": 55.753876140617194, 
        "ltd": 37.647629281935366
    }, 
    "RouteGSM": {
        "dstm": 115.00000000000034, 
        "lng": 37.647286946892166, 
        "ltd": 55.753263044632206
    }, 
    "TrueGPS": {
        "acc": 12.0, 
        "lng": 55.75386643409729, 
        "ltd": 37.64764666557312
    }
}{
    "RouteGPS": {
        "dstd": 0.0017352070313304355, 
        "dstm": 193.17210096412387, 
        "fromtruem": 2.216480810367504, 
        "lng": 55.753876140617194, 
        "ltd": 37.647629281935366
    }, 
    "RouteGSM": {
        "dstm": 115.00000000000034, 
        "lng": 37.647286946892166, 
        "ltd": 55.753263044632206
    }, 
    "TrueGPS": {
        "acc": 12.0, 
        "lng": 55.75386643409729, 
        "ltd": 37.64764666557312
    }
}{
    "RouteGPS": {
        "dstd": 0.0017378222938611238, 
        "dstm": 193.46324533393343, 
        "fromtruem": 2.7378981984348991, 
        "lng": 55.753878424033424, 
        "ltd": 37.647630556928867
    }, 
    "RouteGSM": {
        "dstm": 113.50000000000033, 
        "lng": 37.647280378019659, 
        "ltd": 55.75325128028193
    }, 
    "TrueGPS": {
        "acc": 12.0, 
        "lng": 55.75386643409729, 
        "ltd": 37.64765202999115
    }
}{
    "RouteGPS": {
        "dstd": 0.0017378222938611238, 
        "dstm": 193.46324533393343, 
        "fromtruem": 2.7378981984348991, 
        "lng": 55.753878424033424, 
        "ltd": 37.647630556928867
    }, 
    "RouteGSM": {
        "dstm": 113.50000000000033, 
        "lng": 37.647280378019659, 
        "ltd": 55.75325128028193
    }, 
    "TrueGPS": {
        "acc": 12.0, 
        "lng": 55.75386643409729, 
        "ltd": 37.64765202999115
    }
}{
    "RouteGPS": {
        "dstd": 0.0017378222938611238, 
        "dstm": 193.46324533393343, 
        "fromtruem": 2.7378981984348991, 
        "lng": 55.753878424033424, 
        "ltd": 37.647630556928867
    }, 
    "RouteGSM": {
        "dstm": 129.50000000000045, 
        "lng": 37.647350445993062, 
        "ltd": 55.753376766684866
    }, 
    "TrueGPS": {
        "acc": 12.0, 
        "lng": 55.75386643409729, 
        "ltd": 37.64765202999115
    }
}{
    "RouteGPS": {
        "dstd": 0.0017378222938611238, 
        "dstm": 193.46324533393343, 
        "fromtruem": 2.7378981984348991, 
        "lng": 55.753878424033424, 
        "ltd": 37.647630556928867
    }, 
    "RouteGSM": {
        "dstm": 129.50000000000045, 
        "lng": 37.647350445993062, 
        "ltd": 55.753376766684866
    }, 
    "TrueGPS": {
        "acc": 12.0, 
        "lng": 55.75386643409729, 
        "ltd": 37.64765202999115
    }
}{
    "RouteGPS": {
        "dstd": 0.0017378222938611238, 
        "dstm": 193.46324533393343, 
        "fromtruem": 2.7378981984348991, 
        "lng": 55.753878424033424, 
        "ltd": 37.647630556928867
    }, 
    "RouteGSM": {
        "dstm": 130.00000000000045, 
        "lng": 37.647352635617231, 
        "ltd": 55.753380688134953
    }, 
    "TrueGPS": {
        "acc": 12.0, 
        "lng": 55.75386643409729, 
        "ltd": 37.64765202999115
    }
}{
    "RouteGPS": {
        "dstd": 0.0017378222938611238, 
        "dstm": 193.46324533393343, 
        "fromtruem": 2.7378981984348991, 
        "lng": 55.753878424033424, 
        "ltd": 37.647630556928867
    }, 
    "RouteGSM": {
        "dstm": 144.50000000000057, 
        "lng": 37.647416134718128, 
        "ltd": 55.753494410187614
    }, 
    "TrueGPS": {
        "acc": 12.0, 
        "lng": 55.75386643409729, 
        "ltd": 37.64765202999115
    }
}{
    "RouteGPS": {
        "dstd": 0.0017378222938611238, 
        "dstm": 193.46324533393343, 
        "fromtruem": 2.7378981984348991, 
        "lng": 55.753878424033424, 
        "ltd": 37.647630556928867
    }, 
    "RouteGSM": {
        "dstm": 132.50000000000045, 
        "lng": 37.647363583738077, 
        "ltd": 55.753400295385411
    }, 
    "TrueGPS": {
        "acc": 12.0, 
        "lng": 55.75386643409729, 
        "ltd": 37.64765202999115
    }
}{
    "RouteGPS": {
        "dstd": 0.0017378222938611238, 
        "dstm": 193.46324533393343, 
        "fromtruem": 2.7378981984348991, 
        "lng": 55.753878424033424, 
        "ltd": 37.647630556928867
    }, 
    "RouteGSM": {
        "dstm": 131.50000000000045, 
        "lng": 37.647359204489739, 
        "ltd": 55.75339245248523
    }, 
    "TrueGPS": {
        "acc": 12.0, 
        "lng": 55.75386643409729, 
        "ltd": 37.64765202999115
    }
}{
    "RouteGPS": {
        "dstd": 0.0017378222938611238, 
        "dstm": 193.46324533393343, 
        "fromtruem": 2.7378981984348991, 
        "lng": 55.753878424033424, 
        "ltd": 37.647630556928867
    }, 
    "RouteGSM": {
        "dstm": 128.00000000000043, 
        "lng": 37.647343877120555, 
        "ltd": 55.75336500233459
    }, 
    "TrueGPS": {
        "acc": 12.0, 
        "lng": 55.75386643409729, 
        "ltd": 37.64765202999115
    }
}{
    "RouteGPS": {
        "dstd": 0.0017378222938611238, 
        "dstm": 193.46324533393343, 
        "fromtruem": 2.7378981984348991, 
        "lng": 55.753878424033424, 
        "ltd": 37.647630556928867
    }, 
    "RouteGSM": {
        "dstm": 125.00000000000041, 
        "lng": 37.647330739375541, 
        "ltd": 55.753341473634038
    }, 
    "TrueGPS": {
        "acc": 12.0, 
        "lng": 55.75386643409729, 
        "ltd": 37.64765202999115
    }
}{
    "RouteGPS": {
        "dstd": 0.0017378222938611238, 
        "dstm": 193.46324533393343, 
        "fromtruem": 2.7378981984348991, 
        "lng": 55.753878424033424, 
        "ltd": 37.647630556928867
    }, 
    "RouteGSM": {
        "dstm": 124.50000000000041, 
        "lng": 37.647328549751371, 
        "ltd": 55.75333755218395
    }, 
    "TrueGPS": {
        "acc": 12.0, 
        "lng": 55.75386643409729, 
        "ltd": 37.64765202999115
    }
}{
    "RouteGPS": {
        "dstd": 0.0017378222938611238, 
        "dstm": 193.46324533393343, 
        "fromtruem": 2.7378981984348991, 
        "lng": 55.753878424033424, 
        "ltd": 37.647630556928867
    }, 
    "RouteGSM": {
        "dstm": 124.50000000000041, 
        "lng": 37.647328549751371, 
        "ltd": 55.75333755218395
    }, 
    "TrueGPS": {
        "acc": 12.0, 
        "lng": 55.75386643409729, 
        "ltd": 37.64765202999115
    }
}{
    "RouteGPS": {
        "dstd": 0.0017378222938611238, 
        "dstm": 193.46324533393343, 
        "fromtruem": 2.7378981984348991, 
        "lng": 55.753878424033424, 
        "ltd": 37.647630556928867
    }, 
    "RouteGSM": {
        "dstm": 124.50000000000041, 
        "lng": 37.647328549751371, 
        "ltd": 55.75333755218395
    }, 
    "TrueGPS": {
        "acc": 16.0, 
        "lng": 55.75386643409729, 
        "ltd": 37.64765202999115
    }
}{
    "RouteGPS": {
        "dstd": 0.0017378222938611238, 
        "dstm": 193.46324533393343, 
        "fromtruem": 2.7378981984348991, 
        "lng": 55.753878424033424, 
        "ltd": 37.647630556928867
    }, 
    "RouteGSM": {
        "dstm": 124.00000000000041, 
        "lng": 37.647326360127209, 
        "ltd": 55.753333630733856
    }, 
    "TrueGPS": {
        "acc": 16.0, 
        "lng": 55.75386643409729, 
        "ltd": 37.64765202999115
    }
}{
    "RouteGPS": {
        "dstd": 0.0015993786880331485, 
        "dstm": 178.05099669733471, 
        "fromtruem": 10.659667536737723, 
        "lng": 55.753757547305767, 
        "ltd": 37.647563062864641
    }, 
    "RouteGSM": {
        "dstm": 100.50000000000024, 
        "lng": 37.647223447791269, 
        "ltd": 55.753149322579546
    }, 
    "TrueGPS": {
        "acc": 12.0, 
        "lng": 55.753710865974426, 
        "ltd": 37.64764666557312
    }
}{
    "RouteGPS": {
        "dstd": 0.0015993786880331485, 
        "dstm": 178.05099669733471, 
        "fromtruem": 10.659667536737723, 
        "lng": 55.753757547305767, 
        "ltd": 37.647563062864641
    }, 
    "RouteGSM": {
        "dstm": 100.50000000000024, 
        "lng": 37.647223447791269, 
        "ltd": 55.753149322579546
    }, 
    "TrueGPS": {
        "acc": 12.0, 
        "lng": 55.753710865974426, 
        "ltd": 37.64764666557312
    }
}{
    "RouteGPS": {
        "dstd": 0.0015993786880331485, 
        "dstm": 178.05099669733471, 
        "fromtruem": 10.659667536737723, 
        "lng": 55.753757547305767, 
        "ltd": 37.647563062864641
    }, 
    "RouteGSM": {
        "dstm": 100.50000000000024, 
        "lng": 37.647223447791269, 
        "ltd": 55.753149322579546
    }, 
    "TrueGPS": {
        "acc": 12.0, 
        "lng": 55.753710865974426, 
        "ltd": 37.64764666557312
    }
}{
    "RouteGPS": {
        "dstd": 0.0015993786880331485, 
        "dstm": 178.05099669733471, 
        "fromtruem": 10.659667536737723, 
        "lng": 55.753757547305767, 
        "ltd": 37.647563062864641
    }, 
    "RouteGSM": {
        "dstm": 100.50000000000024, 
        "lng": 37.647223447791269, 
        "ltd": 55.753149322579546
    }, 
    "TrueGPS": {
        "acc": 12.0, 
        "lng": 55.753710865974426, 
        "ltd": 37.64764666557312
    }
}{
    "RouteGPS": {
        "dstd": 0.0015993786880331485, 
        "dstm": 178.05099669733471, 
        "fromtruem": 10.659667536737723, 
        "lng": 55.753757547305767, 
        "ltd": 37.647563062864641
    }, 
    "RouteGSM": {
        "dstm": 112.00000000000031, 
        "lng": 37.647273809147151, 
        "ltd": 55.753239515931654
    }, 
    "TrueGPS": {
        "acc": 12.0, 
        "lng": 55.753710865974426, 
        "ltd": 37.64764666557312
    }
}{
    "RouteGPS": {
        "dstd": 0.0015993786880331485, 
        "dstm": 178.05099669733471, 
        "fromtruem": 10.659667536737723, 
        "lng": 55.753757547305767, 
        "ltd": 37.647563062864641
    }, 
    "RouteGSM": {
        "dstm": 115.00000000000034, 
        "lng": 37.647286946892166, 
        "ltd": 55.753263044632206
    }, 
    "TrueGPS": {
        "acc": 12.0, 
        "lng": 55.753710865974426, 
        "ltd": 37.64764666557312
    }
}{
    "RouteGPS": {
        "dstd": 0.0015993786880331485, 
        "dstm": 178.05099669733471, 
        "fromtruem": 10.659667536737723, 
        "lng": 55.753757547305767, 
        "ltd": 37.647563062864641
    }, 
    "RouteGSM": {
        "dstm": 115.00000000000034, 
        "lng": 37.647286946892166, 
        "ltd": 55.753263044632206
    }, 
    "TrueGPS": {
        "acc": 12.0, 
        "lng": 55.753710865974426, 
        "ltd": 37.64764666557312
    }
}{
    "RouteGPS": {
        "dstd": 0.0015993786880331485, 
        "dstm": 178.05099669733471, 
        "fromtruem": 10.659667536737723, 
        "lng": 55.753757547305767, 
        "ltd": 37.647563062864641
    }, 
    "RouteGSM": {
        "dstm": 128.50000000000043, 
        "lng": 37.647346066744724, 
        "ltd": 55.753368923784677
    }, 
    "TrueGPS": {
        "acc": 12.0, 
        "lng": 55.753710865974426, 
        "ltd": 37.64764666557312
    }
}{
    "RouteGPS": {
        "dstd": 0.0015993786880331485, 
        "dstm": 178.05099669733471, 
        "fromtruem": 10.659667536737723, 
        "lng": 55.753757547305767, 
        "ltd": 37.647563062864641
    }, 
    "RouteGSM": {
        "dstm": 131.00000000000045, 
        "lng": 37.64735701486557, 
        "ltd": 55.753388531035142
    }, 
    "TrueGPS": {
        "acc": 12.0, 
        "lng": 55.753710865974426, 
        "ltd": 37.64764666557312
    }
}{
    "RouteGPS": {
        "dstd": 0.0015993786880331485, 
        "dstm": 178.05099669733471, 
        "fromtruem": 10.659667536737723, 
        "lng": 55.753757547305767, 
        "ltd": 37.647563062864641
    }, 
    "RouteGSM": {
        "dstm": 130.00000000000045, 
        "lng": 37.647352635617231, 
        "ltd": 55.753380688134953
    }, 
    "TrueGPS": {
        "acc": 12.0, 
        "lng": 55.753710865974426, 
        "ltd": 37.64764666557312
    }
}{
    "RouteGPS": {
        "dstd": 0.0015993786880331485, 
        "dstm": 178.05099669733471, 
        "fromtruem": 10.659667536737723, 
        "lng": 55.753757547305767, 
        "ltd": 37.647563062864641
    }, 
    "RouteGSM": {
        "dstm": 118.50000000000037, 
        "lng": 37.647302274261349, 
        "ltd": 55.753290494782846
    }, 
    "TrueGPS": {
        "acc": 12.0, 
        "lng": 55.753710865974426, 
        "ltd": 37.64764666557312
    }
}{
    "RouteGPS": {
        "dstd": 0.0015993786880331485, 
        "dstm": 178.05099669733471, 
        "fromtruem": 10.659667536737723, 
        "lng": 55.753757547305767, 
        "ltd": 37.647563062864641
    }, 
    "RouteGSM": {
        "dstm": 119.00000000000037, 
        "lng": 37.647304463885519, 
        "ltd": 55.75329441623294
    }, 
    "TrueGPS": {
        "acc": 12.0, 
        "lng": 55.753710865974426, 
        "ltd": 37.64764666557312
    }
}{
    "RouteGPS": {
        "dstd": 0.0015993786880331485, 
        "dstm": 178.05099669733471, 
        "fromtruem": 10.659667536737723, 
        "lng": 55.753757547305767, 
        "ltd": 37.647563062864641
    }, 
    "RouteGSM": {
        "dstm": 106.50000000000028, 
        "lng": 37.647249723281298, 
        "ltd": 55.753196379980643
    }, 
    "TrueGPS": {
        "acc": 12.0, 
        "lng": 55.753710865974426, 
        "ltd": 37.64764666557312
    }
}{
    "RouteGPS": {
        "dstd": 0.0015993786880331485, 
        "dstm": 178.05099669733471, 
        "fromtruem": 10.659667536737723, 
        "lng": 55.753757547305767, 
        "ltd": 37.647563062864641
    }, 
    "RouteGSM": {
        "dstm": 104.50000000000027, 
        "lng": 37.647240964784622, 
        "ltd": 55.75318069418028
    }, 
    "TrueGPS": {
        "acc": 12.0, 
        "lng": 55.753710865974426, 
        "ltd": 37.64764666557312
    }
}{
    "RouteGPS": {
        "dstd": 0.0015993786880331485, 
        "dstm": 178.05099669733471, 
        "fromtruem": 10.659667536737723, 
        "lng": 55.753757547305767, 
        "ltd": 37.647563062864641
    }, 
    "RouteGSM": {
        "dstm": 176.0000000000008, 
        "lng": 37.647554081040767, 
        "ltd": 55.753741461543392
    }, 
    "TrueGPS": {
        "acc": 12.0, 
        "lng": 55.753710865974426, 
        "ltd": 37.64764666557312
    }
}{
    "RouteGPS": {
        "dstd": 0.0015993786880331485, 
        "dstm": 178.05099669733471, 
        "fromtruem": 10.659667536737723, 
        "lng": 55.753757547305767, 
        "ltd": 37.647563062864641
    }, 
    "RouteGSM": {
        "dstm": 173.00000000000077, 
        "lng": 37.647540943295752, 
        "ltd": 55.753717932842839
    }, 
    "TrueGPS": {
        "acc": 12.0, 
        "lng": 55.753710865974426, 
        "ltd": 37.64764666557312
    }
}{
    "RouteGPS": {
        "dstd": 0.0012257267627172313, 
        "dstm": 136.4541577384563, 
        "fromtruem": 7.2107628370193169, 
        "lng": 55.753431307449866, 
        "ltd": 37.647380899976781
    }, 
    "RouteGSM": {
        "dstm": 116.00000000000034, 
        "lng": 37.647291326140504, 
        "ltd": 55.753270887532388
    }, 
    "TrueGPS": {
        "acc": 3.0, 
        "lng": 55.753399729728699, 
        "ltd": 37.647437453269958
    }
}{
    "RouteGPS": {
        "dstd": 0.0012277952361618, 
        "dstm": 136.68443075709976, 
        "fromtruem": 6.3982010784517254, 
        "lng": 55.753433113458165, 
        "ltd": 37.647381908399517
    }, 
    "RouteGSM": {
        "dstm": 113.00000000000033, 
        "lng": 37.647278188395489, 
        "ltd": 55.753247358831835
    }, 
    "TrueGPS": {
        "acc": 3.0, 
        "lng": 55.753405094146729, 
        "ltd": 37.647432088851929
    }
}{
    "RouteGPS": {
        "dstd": 0.0012324789721397968, 
        "dstm": 137.2058481458578, 
        "fromtruem": 6.1070567090278072, 
        "lng": 55.753437202882701, 
        "ltd": 37.647384191815746
    }, 
    "RouteGSM": {
        "dstm": 113.00000000000033, 
        "lng": 37.647278188395489, 
        "ltd": 55.753247358831835
    }, 
    "TrueGPS": {
        "acc": 3.0, 
        "lng": 55.753410458564758, 
        "ltd": 37.647432088851929
    }
}{
    "RouteGPS": {
        "dstd": 0.0012324789721397968, 
        "dstm": 137.2058481458578, 
        "fromtruem": 6.1070567090278072, 
        "lng": 55.753437202882701, 
        "ltd": 37.647384191815746
    }, 
    "RouteGSM": {
        "dstm": 89.000000000000156, 
        "lng": 37.647173086435387, 
        "ltd": 55.753059129227438
    }, 
    "TrueGPS": {
        "acc": 6.0, 
        "lng": 55.753410458564758, 
        "ltd": 37.647432088851929
    }
}{
    "RouteGPS": {
        "dstd": 0.0012324789721397968, 
        "dstm": 137.2058481458578, 
        "fromtruem": 6.1070567090278072, 
        "lng": 55.753437202882701, 
        "ltd": 37.647384191815746
    }, 
    "RouteGSM": {
        "dstm": 102.50000000000026, 
        "lng": 37.647232206287946, 
        "ltd": 55.753165008379909
    }, 
    "TrueGPS": {
        "acc": 8.0, 
        "lng": 55.753410458564758, 
        "ltd": 37.647432088851929
    }
}{
    "RouteGPS": {
        "dstd": 0.00088966340811005038, 
        "dstm": 99.041870273976684, 
        "fromtruem": 7.5811815251695442, 
        "lng": 55.753137886613651, 
        "ltd": 37.64721706227909
    }, 
    "RouteGSM": {
        "dstm": 110.50000000000031, 
        "lng": 37.647267240274644, 
        "ltd": 55.753227751581377
    }, 
    "TrueGPS": {
        "acc": 8.0, 
        "lng": 55.753104686737061, 
        "ltd": 37.647276520729065
    }
}{
    "RouteGPS": {
        "dstd": 0.00088966340811005038, 
        "dstm": 99.041870273976684, 
        "fromtruem": 7.5811815251695442, 
        "lng": 55.753137886613651, 
        "ltd": 37.64721706227909
    }, 
    "RouteGSM": {
        "dstm": 110.50000000000031, 
        "lng": 37.647267240274644, 
        "ltd": 55.753227751581377
    }, 
    "TrueGPS": {
        "acc": 8.0, 
        "lng": 55.753104686737061, 
        "ltd": 37.647276520729065
    }
}{
    "RouteGPS": {
        "dstd": 0.00088966340811005038, 
        "dstm": 99.041870273976684, 
        "fromtruem": 7.5811815251695442, 
        "lng": 55.753137886613651, 
        "ltd": 37.64721706227909
    }, 
    "RouteGSM": {
        "dstm": 110.50000000000031, 
        "lng": 37.647267240274644, 
        "ltd": 55.753227751581377
    }, 
    "TrueGPS": {
        "acc": 8.0, 
        "lng": 55.753104686737061, 
        "ltd": 37.647276520729065
    }
}{
    "RouteGPS": {
        "dstd": 0.00088966340811005038, 
        "dstm": 99.041870273976684, 
        "fromtruem": 7.5811815251695442, 
        "lng": 55.753137886613651, 
        "ltd": 37.64721706227909
    }, 
    "RouteGSM": {
        "dstm": 98.500000000000227, 
        "lng": 37.647214689294593, 
        "ltd": 55.753133636779175
    }, 
    "TrueGPS": {
        "acc": 12.0, 
        "lng": 55.753104686737061, 
        "ltd": 37.647276520729065
    }
}{
    "RouteGPS": {
        "dstd": 0.00088966340811005038, 
        "dstm": 99.041870273976684, 
        "fromtruem": 7.5811815251695442, 
        "lng": 55.753137886613651, 
        "ltd": 37.64721706227909
    }, 
    "RouteGSM": {
        "dstm": 77.000000000000071, 
        "lng": 37.647120535455336, 
        "ltd": 55.752965014425236
    }, 
    "TrueGPS": {
        "acc": 8.0, 
        "lng": 55.753104686737061, 
        "ltd": 37.647276520729065
    }
}{
    "RouteGPS": {
        "dstd": 0.00072822922859070891, 
        "dstm": 81.070193660114327, 
        "fromtruem": 12.144173512890685, 
        "lng": 55.752996936547838, 
        "ltd": 37.647138359844156
    }, 
    "RouteGSM": {
        "dstm": 110.50000000000031, 
        "lng": 37.647267240274644, 
        "ltd": 55.753227751581377
    }, 
    "TrueGPS": {
        "acc": 6.0, 
        "lng": 55.752943754196167, 
        "ltd": 37.647233605384827
    }
}{
    "RouteGPS": {
        "dstd": 0.00072616075514614017, 
        "dstm": 80.839920641470854, 
        "fromtruem": 12.956735271458275, 
        "lng": 55.752995130539539, 
        "ltd": 37.647137351421421
    }, 
    "RouteGSM": {
        "dstm": 110.50000000000031, 
        "lng": 37.647267240274644, 
        "ltd": 55.753227751581377
    }, 
    "TrueGPS": {
        "acc": 6.0, 
        "lng": 55.752938389778137, 
        "ltd": 37.647238969802856
    }
}{
    "RouteGPS": {
        "dstd": 0.00072616075514614017, 
        "dstm": 80.839920641470854, 
        "fromtruem": 12.956735271458275, 
        "lng": 55.752995130539539, 
        "ltd": 37.647137351421421
    }, 
    "RouteGSM": {
        "dstm": 110.50000000000031, 
        "lng": 37.647267240274644, 
        "ltd": 55.753227751581377
    }, 
    "TrueGPS": {
        "acc": 6.0, 
        "lng": 55.752938389778137, 
        "ltd": 37.647238969802856
    }
}{
    "RouteGPS": {
        "dstd": 0.00071886175663745506, 
        "dstm": 80.027358882903258, 
        "fromtruem": 12.726462252814798, 
        "lng": 55.752988757698773, 
        "ltd": 37.64713379301169
    }, 
    "RouteGSM": {
        "dstm": 124.50000000000041, 
        "lng": 37.647328549751371, 
        "ltd": 55.75333755218395
    }, 
    "TrueGPS": {
        "acc": 8.0, 
        "lng": 55.752933025360107, 
        "ltd": 37.647233605384827
    }
}{
    "RouteGPS": {
        "dstd": 0.00072670754423225967, 
        "dstm": 80.900791992636925, 
        "fromtruem": 14.290714418093261, 
        "lng": 55.752995607947469, 
        "ltd": 37.647137617992186
    }, 
    "RouteGSM": {
        "dstm": 125.00000000000041, 
        "lng": 37.647330739375541, 
        "ltd": 55.753341473634038
    }, 
    "TrueGPS": {
        "acc": 12.0, 
        "lng": 55.752933025360107, 
        "ltd": 37.647249698638916
    }
}{
    "RouteGPS": {
        "dstd": 0.00072670754423225967, 
        "dstm": 80.900791992636925, 
        "fromtruem": 14.290714418093261, 
        "lng": 55.752995607947469, 
        "ltd": 37.647137617992186
    }, 
    "RouteGSM": {
        "dstm": 143.50000000000054, 
        "lng": 37.64741175546979, 
        "ltd": 55.753486567287432
    }, 
    "TrueGPS": {
        "acc": 12.0, 
        "lng": 55.752933025360107, 
        "ltd": 37.647249698638916
    }
}{
    "RouteGPS": {
        "dstd": 0.00072670754423225967, 
        "dstm": 80.900791992636925, 
        "fromtruem": 14.290714418093261, 
        "lng": 55.752995607947469, 
        "ltd": 37.647137617992186
    }, 
    "RouteGSM": {
        "dstm": 127.50000000000043, 
        "lng": 37.647341687496386, 
        "ltd": 55.753361080884495
    }, 
    "TrueGPS": {
        "acc": 12.0, 
        "lng": 55.752933025360107, 
        "ltd": 37.647249698638916
    }
}{
    "RouteGPS": {
        "dstd": 0.0014075362534041787, 
        "dstm": 156.69411796054402, 
        "fromtruem": 5.4851308104311798, 
        "lng": 55.753590047437605, 
        "ltd": 37.647469535788936
    }, 
    "RouteGSM": {
        "dstm": 141.50000000000054, 
        "lng": 37.647402996973113, 
        "ltd": 55.753470881487068
    }, 
    "TrueGPS": {
        "acc": 6.0, 
        "lng": 55.753566026687622, 
        "ltd": 37.647512555122375
    }
}{
    "RouteGPS": {
        "dstd": 0.0014075362534041787, 
        "dstm": 156.69411796054402, 
        "fromtruem": 5.4851308104311798, 
        "lng": 55.753590047437605, 
        "ltd": 37.647469535788936
    }, 
    "RouteGSM": {
        "dstm": 141.50000000000054, 
        "lng": 37.647402996973113, 
        "ltd": 55.753470881487068
    }, 
    "TrueGPS": {
        "acc": 6.0, 
        "lng": 55.753566026687622, 
        "ltd": 37.647512555122375
    }
}{
    "RouteGPS": {
        "dstd": 0.0014002372548954935, 
        "dstm": 155.88155620197642, 
        "fromtruem": 5.2548577917877033, 
        "lng": 55.75358367459684, 
        "ltd": 37.647465977379206
    }, 
    "RouteGSM": {
        "dstm": 141.50000000000054, 
        "lng": 37.647402996973113, 
        "ltd": 55.753470881487068
    }, 
    "TrueGPS": {
        "acc": 6.0, 
        "lng": 55.753560662269592, 
        "ltd": 37.647507190704346
    }
}{
    "RouteGPS": {
        "dstd": 0.0014049209908769545, 
        "dstm": 156.40297359112012, 
        "fromtruem": 4.9637134216731429, 
        "lng": 55.753587764021376, 
        "ltd": 37.647468260795442
    }, 
    "RouteGSM": {
        "dstm": 136.50000000000048, 
        "lng": 37.64738110073143, 
        "ltd": 55.753431666986145
    }, 
    "TrueGPS": {
        "acc": 6.0, 
        "lng": 55.753566026687622, 
        "ltd": 37.647507190704346
    }
}{
    "RouteGPS": {
        "dstd": 0.0014075362534041787, 
        "dstm": 156.69411796054402, 
        "fromtruem": 5.4851308104311798, 
        "lng": 55.753590047437605, 
        "ltd": 37.647469535788936
    }, 
    "RouteGSM": {
        "dstm": 142.50000000000054, 
        "lng": 37.647407376221452, 
        "ltd": 55.75347872438725
    }, 
    "TrueGPS": {
        "acc": 6.0, 
        "lng": 55.753566026687622, 
        "ltd": 37.647512555122375
    }
}{
    "RouteGPS": {
        "dstd": 0.0014075362534041787, 
        "dstm": 156.69411796054402, 
        "fromtruem": 5.4851308104311798, 
        "lng": 55.753590047437605, 
        "ltd": 37.647469535788936
    }, 
    "RouteGSM": {
        "dstm": 145.50000000000057, 
        "lng": 37.647420513966466, 
        "ltd": 55.753502253087795
    }, 
    "TrueGPS": {
        "acc": 6.0, 
        "lng": 55.753566026687622, 
        "ltd": 37.647512555122375
    }
}{
    "RouteGPS": {
        "dstd": 0.0014075362534041787, 
        "dstm": 156.69411796054402, 
        "fromtruem": 5.4851308104311798, 
        "lng": 55.753590047437605, 
        "ltd": 37.647469535788936
    }, 
    "RouteGSM": {
        "dstm": 136.50000000000048, 
        "lng": 37.64738110073143, 
        "ltd": 55.753431666986145
    }, 
    "TrueGPS": {
        "acc": 8.0, 
        "lng": 55.753566026687622, 
        "ltd": 37.647512555122375
    }
}{
    "RouteGPS": {
        "dstd": 0.0014075362534041787, 
        "dstm": 156.69411796054402, 
        "fromtruem": 5.4851308104311798, 
        "lng": 55.753590047437605, 
        "ltd": 37.647469535788936
    }, 
    "RouteGSM": {
        "dstm": 136.00000000000048, 
        "lng": 37.647378911107261, 
        "ltd": 55.753427745536058
    }, 
    "TrueGPS": {
        "acc": 8.0, 
        "lng": 55.753566026687622, 
        "ltd": 37.647512555122375
    }
}{
    "RouteGPS": {
        "dstd": 0.0014075362534041787, 
        "dstm": 156.69411796054402, 
        "fromtruem": 5.4851308104311798, 
        "lng": 55.753590047437605, 
        "ltd": 37.647469535788936
    }, 
    "RouteGSM": {
        "dstm": 142.00000000000054, 
        "lng": 37.647405186597283, 
        "ltd": 55.753474802937156
    }, 
    "TrueGPS": {
        "acc": 8.0, 
        "lng": 55.753566026687622, 
        "ltd": 37.647512555122375
    }
}{
    "RouteGPS": {
        "dstd": 0.0014075362534041787, 
        "dstm": 156.69411796054402, 
        "fromtruem": 5.4851308104311798, 
        "lng": 55.753590047437605, 
        "ltd": 37.647469535788936
    }, 
    "RouteGSM": {
        "dstm": 99.500000000000242, 
        "lng": 37.647219068542931, 
        "ltd": 55.753141479679364
    }, 
    "TrueGPS": {
        "acc": 8.0, 
        "lng": 55.753566026687622, 
        "ltd": 37.647512555122375
    }
}{
    "RouteGPS": {
        "dstd": 0.0017515640785088133, 
        "dstm": 194.99305092108312, 
        "fromtruem": 12.827442633743223, 
        "lng": 55.753890422145943, 
        "ltd": 37.647637256327442
    }, 
    "RouteGSM": {
        "dstm": 281.00000000000153, 
        "lng": 37.648013902116226, 
        "ltd": 55.754564966062652
    }, 
    "TrueGPS": {
        "acc": 16.0, 
        "lng": 55.753834247589111, 
        "ltd": 37.647737860679626
    }
}{
    "RouteGPS": {
        "dstd": 0.0017515640785088133, 
        "dstm": 194.99305092108312, 
        "fromtruem": 12.827442633743223, 
        "lng": 55.753890422145943, 
        "ltd": 37.647637256327442
    }, 
    "RouteGSM": {
        "dstm": 287.50000000000159, 
        "lng": 37.648042367230417, 
        "ltd": 55.754615944913844
    }, 
    "TrueGPS": {
        "acc": 16.0, 
        "lng": 55.753834247589111, 
        "ltd": 37.647737860679626
    }
}{
    "RouteGPS": {
        "dstd": 0.0017515640785088133, 
        "dstm": 194.99305092108312, 
        "fromtruem": 12.827442633743223, 
        "lng": 55.753890422145943, 
        "ltd": 37.647637256327442
    }, 
    "RouteGSM": {
        "dstm": 289.50000000000159, 
        "lng": 37.648051125727093, 
        "ltd": 55.754631630714208
    }, 
    "TrueGPS": {
        "acc": 16.0, 
        "lng": 55.753834247589111, 
        "ltd": 37.647737860679626
    }
}{
    "RouteGPS": {
        "dstd": 0.0017468803425335563, 
        "dstm": 194.47163353263011, 
        "fromtruem": 13.118587004243418, 
        "lng": 55.753886332721414, 
        "ltd": 37.647634972911206
    }, 
    "RouteGSM": {
        "dstm": 289.50000000000159, 
        "lng": 37.648051125727093, 
        "ltd": 55.754631630714208
    }, 
    "TrueGPS": {
        "acc": 16.0, 
        "lng": 55.753828883171082, 
        "ltd": 37.647737860679626
    }
}{
    "RouteGPS": {
        "dstd": 0.0017468803425335563, 
        "dstm": 194.47163353263011, 
        "fromtruem": 13.118587004243418, 
        "lng": 55.753886332721414, 
        "ltd": 37.647634972911206
    }, 
    "RouteGSM": {
        "dstm": 283.50000000000153, 
        "lng": 37.648024850237071, 
        "ltd": 55.75458457331311
    }, 
    "TrueGPS": {
        "acc": 16.0, 
        "lng": 55.753828883171082, 
        "ltd": 37.647737860679626
    }
}{
    "RouteGPS": {
        "dstd": 0.0017468803425335563, 
        "dstm": 194.47163353263011, 
        "fromtruem": 13.118587004243418, 
        "lng": 55.753886332721414, 
        "ltd": 37.647634972911206
    }, 
    "RouteGSM": {
        "dstm": 282.50000000000153, 
        "lng": 37.648020470988733, 
        "ltd": 55.754576730412921
    }, 
    "TrueGPS": {
        "acc": 24.0, 
        "lng": 55.753828883171082, 
        "ltd": 37.647737860679626
    }
}{
    "RouteGPS": {
        "dstd": 0.0017448118690827838, 
        "dstm": 194.241360513296, 
        "fromtruem": 13.931148762425373, 
        "lng": 55.753884526713108, 
        "ltd": 37.64763396448847
    }, 
    "RouteGSM": {
        "dstm": 293.50000000000165, 
        "lng": 37.648068642720446, 
        "ltd": 55.754663002314942
    }, 
    "TrueGPS": {
        "acc": 48.0, 
        "lng": 55.753823518753052, 
        "ltd": 37.647743225097656
    }
}{
    "RouteGPS": {
        "dstd": 0.0023165116493613774, 
        "dstm": 257.88589726489556, 
        "fromtruem": 20.116904912747554, 
        "lng": 55.75438368446207, 
        "ltd": 37.647912679720243
    }, 
    "RouteGSM": {
        "dstm": 291.50000000000159, 
        "lng": 37.64805988422377, 
        "ltd": 55.754647316514578
    }, 
    "TrueGPS": {
        "acc": 12.0, 
        "lng": 55.754295587539673, 
        "ltd": 37.648070454597473
    }
}{
    "RouteGPS": {
        "dstd": 0.0023165116493613774, 
        "dstm": 257.88589726489556, 
        "fromtruem": 20.116904912747554, 
        "lng": 55.75438368446207, 
        "ltd": 37.647912679720243
    }, 
    "RouteGSM": {
        "dstm": 303.00000000000171, 
        "lng": 37.648110245579652, 
        "ltd": 55.754737509866686
    }, 
    "TrueGPS": {
        "acc": 12.0, 
        "lng": 55.754295587539673, 
        "ltd": 37.648070454597473
    }
}{
    "RouteGPS": {
        "dstd": 0.0023165116493613774, 
        "dstm": 257.88589726489556, 
        "fromtruem": 20.116904912747554, 
        "lng": 55.75438368446207, 
        "ltd": 37.647912679720243
    }, 
    "RouteGSM": {
        "dstm": 302.00000000000171, 
        "lng": 37.648105866331314, 
        "ltd": 55.754729666966497
    }, 
    "TrueGPS": {
        "acc": 12.0, 
        "lng": 55.754295587539673, 
        "ltd": 37.648070454597473
    }
}{
    "RouteGPS": {
        "dstd": 0.0023165116493613774, 
        "dstm": 257.88589726489556, 
        "fromtruem": 20.116904912747554, 
        "lng": 55.75438368446207, 
        "ltd": 37.647912679720243
    }, 
    "RouteGSM": {
        "dstm": 314.00000000000176, 
        "lng": 37.648158417311372, 
        "ltd": 55.7548237817687
    }, 
    "TrueGPS": {
        "acc": 16.0, 
        "lng": 55.754295587539673, 
        "ltd": 37.648070454597473
    }
}{
    "RouteGPS": {
        "dstd": 0.0023165116493613774, 
        "dstm": 257.88589726489556, 
        "fromtruem": 20.116904912747554, 
        "lng": 55.75438368446207, 
        "ltd": 37.647912679720243
    }, 
    "RouteGSM": {
        "dstm": 324.50000000000188, 
        "lng": 37.648204399418916, 
        "ltd": 55.754906132220626
    }, 
    "TrueGPS": {
        "acc": 16.0, 
        "lng": 55.754295587539673, 
        "ltd": 37.648070454597473
    }
}{
    "RouteGPS": {
        "dstd": 0.0023191269118920657, 
        "dstm": 258.17704163470512, 
        "fromtruem": 20.638322300814945, 
        "lng": 55.754385967878299, 
        "ltd": 37.647913954713744
    }, 
    "RouteGSM": {
        "dstm": 332.50000000000193, 
        "lng": 37.648239433405614, 
        "ltd": 55.754968875422094
    }, 
    "TrueGPS": {
        "acc": 16.0, 
        "lng": 55.754295587539673, 
        "ltd": 37.648075819015503
    }
}{
    "RouteGPS": {
        "dstd": 0.0023144431759202729, 
        "dstm": 257.65562424663779, 
        "fromtruem": 20.929466670624503, 
        "lng": 55.754381878453771, 
        "ltd": 37.647911671297514
    }, 
    "RouteGSM": {
        "dstm": 317.00000000000182, 
        "lng": 37.648171555056379, 
        "ltd": 55.754847310469252
    }, 
    "TrueGPS": {
        "acc": 16.0, 
        "lng": 55.754290223121643, 
        "ltd": 37.648075819015503
    }
}{
    "RouteGPS": {
        "dstd": 0.0023144431759202729, 
        "dstm": 257.65562424663779, 
        "fromtruem": 20.929466670624503, 
        "lng": 55.754381878453771, 
        "ltd": 37.647911671297514
    }, 
    "RouteGSM": {
        "dstm": 332.00000000000193, 
        "lng": 37.648237243781445, 
        "ltd": 55.754964953971999
    }, 
    "TrueGPS": {
        "acc": 24.0, 
        "lng": 55.754290223121643, 
        "ltd": 37.648075819015503
    }
}{
    "RouteGPS": {
        "dstd": 0.0028349312837416254, 
        "dstm": 315.59901630262902, 
        "fromtruem": 19.354833344644174, 
        "lng": 55.754836322693954, 
        "ltd": 37.648165419800854
    }, 
    "RouteGSM": {
        "dstm": 347.50000000000205, 
        "lng": 37.648305122130679, 
        "ltd": 55.755086518924848
    }, 
    "TrueGPS": {
        "acc": 12.0, 
        "lng": 55.754751563072205, 
        "ltd": 37.648317217826843
    }
}{
    "RouteGPS": {
        "dstd": 0.0028349312837416254, 
        "dstm": 315.59901630262902, 
        "fromtruem": 19.354833344644174, 
        "lng": 55.754836322693954, 
        "ltd": 37.648165419800854
    }, 
    "RouteGSM": {
        "dstm": 343.50000000000199, 
        "lng": 37.648287605137334, 
        "ltd": 55.755055147324114
    }, 
    "TrueGPS": {
        "acc": 12.0, 
        "lng": 55.754751563072205, 
        "ltd": 37.648317217826843
    }
}{
    "RouteGPS": {
        "dstd": 0.0028349312837416254, 
        "dstm": 315.59901630262902, 
        "fromtruem": 19.354833344644174, 
        "lng": 55.754836322693954, 
        "ltd": 37.648165419800854
    }, 
    "RouteGSM": {
        "dstm": 346.00000000000199, 
        "lng": 37.648298553258172, 
        "ltd": 55.755074754574572
    }, 
    "TrueGPS": {
        "acc": 12.0, 
        "lng": 55.754751563072205, 
        "ltd": 37.648317217826843
    }
}{
    "RouteGPS": {
        "dstd": 0.0028302475477698322, 
        "dstm": 315.07759891456158, 
        "fromtruem": 19.645977714453728, 
        "lng": 55.754832233269426, 
        "ltd": 37.648163136384625
    }, 
    "RouteGSM": {
        "dstm": 325.50000000000188, 
        "lng": 37.648208778667254, 
        "ltd": 55.754913975120807
    }, 
    "TrueGPS": {
        "acc": 12.0, 
        "lng": 55.754746198654175, 
        "ltd": 37.648317217826843
    }
}{
    "RouteGPS": {
        "dstd": 0.0028553065949092314, 
        "dstm": 317.86729991085434, 
        "fromtruem": 22.192193305777181, 
        "lng": 55.754854112615881, 
        "ltd": 37.648175353178075
    }, 
    "RouteGSM": {
        "dstm": 348.00000000000205, 
        "lng": 37.648307311754849, 
        "ltd": 55.755090440374936
    }, 
    "TrueGPS": {
        "acc": 12.0, 
        "lng": 55.754756927490234, 
        "ltd": 37.648349404335022
    }
}{
    "RouteGPS": {
        "dstd": 0.0028506228589277702, 
        "dstm": 317.34588252171068, 
        "fromtruem": 22.48333767589174, 
        "lng": 55.754850023191345, 
        "ltd": 37.648173069761839
    }, 
    "RouteGSM": {
        "dstm": 347.00000000000205, 
        "lng": 37.64830293250651, 
        "ltd": 55.755082597474754
    }, 
    "TrueGPS": {
        "acc": 12.0, 
        "lng": 55.754751563072205, 
        "ltd": 37.648349404335022
    }
}{
    "RouteGPS": {
        "dstd": 0.0028506228589277702, 
        "dstm": 317.34588252171068, 
        "fromtruem": 22.48333767589174, 
        "lng": 55.754850023191345, 
        "ltd": 37.648173069761839
    }, 
    "RouteGSM": {
        "dstm": 342.50000000000199, 
        "lng": 37.648283225888996, 
        "ltd": 55.755047304423925
    }, 
    "TrueGPS": {
        "acc": 16.0, 
        "lng": 55.754751563072205, 
        "ltd": 37.648349404335022
    }
}{
    "RouteGPS": {
        "dstd": 0.0028506228589277702, 
        "dstm": 317.34588252171068, 
        "fromtruem": 22.48333767589174, 
        "lng": 55.754850023191345, 
        "ltd": 37.648173069761839
    }, 
    "RouteGSM": {
        "dstm": 348.00000000000205, 
        "lng": 37.648307311754849, 
        "ltd": 55.755090440374936
    }, 
    "TrueGPS": {
        "acc": 16.0, 
        "lng": 55.754751563072205, 
        "ltd": 37.648349404335022
    }
}{
    "RouteGPS": {
        "dstd": 0.0028553065949092314, 
        "dstm": 317.86729991085434, 
        "fromtruem": 22.192193305777181, 
        "lng": 55.754854112615881, 
        "ltd": 37.648175353178075
    }, 
    "RouteGSM": {
        "dstm": 399.50000000000239, 
        "lng": 37.648532843044244, 
        "ltd": 55.755494349734384
    }, 
    "TrueGPS": {
        "acc": 24.0, 
        "lng": 55.754756927490234, 
        "ltd": 37.648349404335022
    }
}
