\BOOKMARK [0][]{Doc-Start}{\376\377\004\042\004\065\004\105\004\075\004\070\004\107\004\065\004\101\004\072\004\076\004\065\000\040\004\067\004\060\004\064\004\060\004\075\004\070\004\065}{}% 1
\BOOKMARK [0][]{chapter*.1}{\376\377\004\020\004\075\004\075\004\076\004\102\004\060\004\106\004\070\004\117}{}% 2
\BOOKMARK [0][]{chapter.1}{\376\377\004\022\004\062\004\065\004\064\004\065\004\075\004\070\004\065}{}% 3
\BOOKMARK [0][]{chapter.2}{\376\377\004\036\004\061\004\067\004\076\004\100\004\075\004\076\000-\004\060\004\075\004\060\004\073\004\070\004\102\004\070\004\107\004\065\004\101\004\072\004\060\004\117\000\040\004\107\004\060\004\101\004\102\004\114}{}% 4
\BOOKMARK [1][]{section.2.1}{\376\377\004\041\004\103\004\111\004\065\004\101\004\102\004\062\004\103\004\116\004\111\004\070\004\065\000\040\004\101\004\070\004\101\004\102\004\065\004\074\004\113\000\040\004\077\004\076\004\067\004\070\004\106\004\070\004\076\004\075\004\070\004\100\004\076\004\062\004\060\004\075\004\070\004\117}{chapter.2}% 5
\BOOKMARK [2][]{subsection.2.1.1}{\376\377\004\041\004\077\004\103\004\102\004\075\004\070\004\072\004\076\004\062\004\060\004\117\000\040\004\075\004\060\004\062\004\070\004\063\004\060\004\106\004\070\004\117}{section.2.1}% 6
\BOOKMARK [2][]{subsection.2.1.2}{\376\377\004\037\004\076\004\067\004\070\004\106\004\070\004\076\004\075\004\070\004\100\004\076\004\062\004\060\004\075\004\070\004\065\000\040\004\062\000\040\004\101\004\076\004\102\004\076\004\062\004\113\004\105\000\040\004\101\004\065\004\102\004\117\004\105}{section.2.1}% 7
\BOOKMARK [3][]{subsubsection.2.1.2.1}{\376\377\004\040\004\060\004\101\004\077\004\100\004\076\004\101\004\102\004\100\004\060\004\075\004\065\004\075\004\070\004\065\000\040\004\101\004\070\004\063\004\075\004\060\004\073\004\060\000\040\004\075\004\060\000\040\004\076\004\102\004\072\004\100\004\113\004\102\004\076\004\071\000\040\004\074\004\065\004\101\004\102\004\075\004\076\004\101\004\102\004\070}{subsection.2.1.2}% 8
\BOOKMARK [3][]{subsubsection.2.1.2.2}{\376\377\004\037\004\076\004\063\004\100\004\065\004\110\004\075\004\076\004\101\004\102\004\114\000\040\004\076\004\077\004\100\004\065\004\064\004\065\004\073\004\065\004\075\004\070\004\117\000\040\004\100\004\060\004\101\004\101\004\102\004\076\004\117\004\075\004\070\004\117}{subsection.2.1.2}% 9
\BOOKMARK [3][]{subsubsection.2.1.2.3}{\376\377\004\032\004\076\004\076\004\100\004\064\004\070\004\075\004\060\004\102\004\113\000\040\004\061\004\060\004\067\004\076\004\062\004\113\004\105\000\040\004\101\004\102\004\060\004\075\004\106\004\070\004\071}{subsection.2.1.2}% 10
\BOOKMARK [3][]{subsubsection.2.1.2.4}{\376\377\004\044\004\060\004\072\004\102\004\076\004\100\004\113\000,\000\040\004\101\004\075\004\070\004\066\004\060\004\116\004\111\004\070\004\065\000\040\004\102\004\076\004\107\004\075\004\076\004\101\004\102\004\114\000\040\004\077\004\076\004\067\004\070\004\106\004\070\004\076\004\075\004\070\004\100\004\076\004\062\004\060\004\075\004\070\004\117}{subsection.2.1.2}% 11
\BOOKMARK [2][]{subsection.2.1.3}{\376\377\004\027\004\060\004\072\004\073\004\116\004\107\004\065\004\075\004\070\004\065}{section.2.1}% 12
\BOOKMARK [1][]{section.2.2}{\376\377\004\037\004\076\004\067\004\070\004\106\004\070\004\076\004\075\004\070\004\100\004\076\004\062\004\060\004\075\004\070\004\065\000\040\004\076\004\061\004\111\004\065\004\101\004\102\004\062\004\065\004\075\004\075\004\076\004\063\004\076\000\040\004\102\004\100\004\060\004\075\004\101\004\077\004\076\004\100\004\102\004\060}{chapter.2}% 13
\BOOKMARK [2][]{subsection.2.2.1}{\376\377\004\041\004\075\004\070\004\066\004\065\004\075\004\070\004\065\000\040\004\102\004\076\004\107\004\075\004\076\004\101\004\102\004\070\000\040\004\070\004\067\000-\004\067\004\060\000\040\004\064\004\062\004\103\004\105\004\074\004\065\004\100\004\075\004\076\004\071\000\040\004\070\004\067\004\061\004\113\004\102\004\076\004\107\004\075\004\076\004\101\004\102\004\070}{section.2.2}% 14
\BOOKMARK [2][]{subsection.2.2.2}{\376\377\004\041\004\075\004\070\004\066\004\065\004\075\004\070\004\065\000\040\004\102\004\076\004\107\004\075\004\076\004\101\004\102\004\070\000\040\004\070\004\067\000-\004\067\004\060\000\040\004\115\004\072\004\101\004\102\004\100\004\060\004\077\004\076\004\073\004\117\004\106\004\070\004\070}{section.2.2}% 15
\BOOKMARK [2][]{subsection.2.2.3}{\376\377\004\023\004\070\004\077\004\076\004\102\004\065\004\067\004\060\000\040\004\076\000\040\004\062\004\076\004\067\004\074\004\076\004\066\004\075\004\076\004\101\004\102\004\070\000\040\004\077\004\076\004\062\004\113\004\110\004\065\004\075\004\070\004\117\000\040\004\102\004\076\004\107\004\075\004\076\004\101\004\102\004\070}{section.2.2}% 16
\BOOKMARK [1][]{section.2.3}{\376\377\004\020\004\075\004\060\004\073\004\070\004\067\000\040\004\062\004\076\004\067\004\074\004\076\004\066\004\075\004\076\004\101\004\102\004\070\000\040\004\077\004\100\004\070\004\074\004\065\004\075\004\065\004\075\004\070\004\117\000\040\004\101\004\103\004\111\004\065\004\101\004\102\004\062\004\103\004\116\004\111\004\070\004\105\000\040\004\060\004\073\004\063\004\076\004\100\004\070\004\102\004\074\004\076\004\062}{chapter.2}% 17
\BOOKMARK [2][]{subsection.2.3.1}{\376\377\004\037\004\076\004\101\004\102\004\060\004\075\004\076\004\062\004\072\004\060\000\040\004\067\004\060\004\064\004\060\004\107\004\070}{section.2.3}% 18
\BOOKMARK [2][]{subsection.2.3.2}{\376\377\004\040\004\060\004\101\004\101\004\102\004\076\004\117\004\075\004\070\004\065\000\040\004\034\004\060\004\105\004\060\004\073\004\060\004\075\004\076\004\061\004\070\004\101\004\060}{section.2.3}% 19
\BOOKMARK [2][]{subsection.2.3.3}{\376\377\004\021\004\060\004\071\004\065\004\101\004\076\004\062\004\101\004\072\004\070\004\071\000\040\004\072\004\073\004\060\004\101\004\101\004\070\004\104\004\070\004\072\004\060\004\102\004\076\004\100}{section.2.3}% 20
\BOOKMARK [0][]{chapter.3}{\376\377\004\042\004\065\004\105\004\075\004\076\004\073\004\076\004\063\004\070\004\107\004\065\004\101\004\072\004\060\004\117\000\040\004\107\004\060\004\101\004\102\004\114}{}% 21
\BOOKMARK [1][]{section.3.1}{\376\377\004\036\004\061\004\111\004\060\004\117\000\040\004\060\004\100\004\105\004\070\004\102\004\065\004\072\004\102\004\103\004\100\004\060\000\040\004\101\004\070\004\101\004\102\004\065\004\074\004\113}{chapter.3}% 22
\BOOKMARK [2][]{subsection.3.1.1}{\376\377\004\037\004\100\004\076\004\106\004\065\004\101\004\101\000\040\004\076\004\061\004\100\004\060\004\061\004\076\004\102\004\072\004\070\000\040\004\064\004\060\004\075\004\075\004\113\004\105}{section.3.1}% 23
\BOOKMARK [2][]{subsection.3.1.2}{\376\377\004\041\004\076\004\101\004\102\004\060\004\062\000\040\004\101\004\070\004\101\004\102\004\065\004\074\004\113}{section.3.1}% 24
\BOOKMARK [1][]{section.3.2}{\376\377\004\041\004\100\004\065\004\064\004\101\004\102\004\062\004\060\000\040\004\100\004\060\004\067\004\100\004\060\004\061\004\076\004\102\004\072\004\070}{chapter.3}% 25
\BOOKMARK [2][]{subsection.3.2.1}{\376\377\004\041\004\070\004\101\004\102\004\065\004\074\004\060\000\040\004\072\004\076\004\075\004\102\004\100\004\076\004\073\004\117\000\040\004\062\004\065\004\100\004\101\004\070\004\071}{section.3.2}% 26
\BOOKMARK [2][]{subsection.3.2.2}{\376\377\004\034\004\076\004\061\004\070\004\073\004\114\004\075\004\076\004\065\000\040\004\077\004\100\004\070\004\073\004\076\004\066\004\065\004\075\004\070\004\065}{section.3.2}% 27
\BOOKMARK [2][]{subsection.3.2.3}{\376\377\004\041\004\065\004\100\004\062\004\065\004\100\000\040\004\070\000\040\004\041\004\043\004\021\004\024}{section.3.2}% 28
\BOOKMARK [2][]{subsection.3.2.4}{\376\377\004\032\004\073\004\070\004\065\004\075\004\102\004\101\004\072\004\060\004\117\000\040\004\107\004\060\004\101\004\102\004\114}{section.3.2}% 29
\BOOKMARK [2][]{subsection.3.2.5}{\376\377\004\037\004\076\004\117\004\101\004\075\004\070\004\102\004\065\004\073\004\114\004\075\004\060\004\117\000\040\004\067\004\060\004\077\004\070\004\101\004\072\004\060}{section.3.2}% 30
\BOOKMARK [0][]{chapter.4}{\376\377\004\036\004\105\004\100\004\060\004\075\004\060\000\040\004\102\004\100\004\103\004\064\004\060}{}% 31
\BOOKMARK [0][]{chapter.5}{\376\377\004\040\004\060\004\067\004\100\004\060\004\061\004\076\004\102\004\072\004\060}{}% 32
\BOOKMARK [1][]{section.5.1}{\376\377\004\020\004\073\004\063\004\076\004\100\004\070\004\102\004\074}{chapter.5}% 33
\BOOKMARK [2][]{subsection.5.1.1}{\376\377\004\030\004\101\004\105\004\076\004\064\004\075\004\113\004\065\000\040\004\064\004\060\004\075\004\075\004\113\004\065}{section.5.1}% 34
\BOOKMARK [2][]{subsection.5.1.2}{\376\377\004\030\004\075\004\102\004\065\004\100\004\077\004\076\004\073\004\117\004\106\004\070\004\117}{section.5.1}% 35
\BOOKMARK [2][]{subsection.5.1.3}{\376\377\004\022\004\113\004\107\004\070\004\101\004\073\004\065\004\075\004\070\004\065\000\040\004\077\004\101\004\065\004\062\004\064\004\076\004\077\004\073\004\076\004\102\004\075\004\076\004\101\004\102\004\070\000\040\004\062\004\065\004\100\004\076\004\117\004\102\004\075\004\076\004\101\004\102\004\070}{section.5.1}% 36
\BOOKMARK [2][]{subsection.5.1.4}{\376\377\004\022\004\113\004\107\004\070\004\101\004\073\004\065\004\075\004\070\004\065\000\040\004\076\004\102\004\062\004\065\004\102\004\060}{section.5.1}% 37
\BOOKMARK [1][]{section.5.2}{\376\377\004\034\004\076\004\061\004\070\004\073\004\114\004\075\004\076\004\065\000\040\004\077\004\100\004\070\004\073\004\076\004\066\004\065\004\075\004\070\004\065}{chapter.5}% 38
\BOOKMARK [2][]{subsection.5.2.1}{\376\377\004\037\004\100\004\076\004\102\004\076\004\072\004\076\004\073\000\040\004\077\004\065\004\100\004\065\004\064\004\060\004\107\004\070\000\040\004\064\004\060\004\075\004\075\004\113\004\105}{section.5.2}% 39
\BOOKMARK [2][]{subsection.5.2.2}{\376\377\004\030\004\075\004\102\004\065\004\100\004\104\004\065\004\071\004\101\004\113}{section.5.2}% 40
\BOOKMARK [3][]{subsubsection.5.2.2.1}{\376\377\004\023\004\100\004\060\004\104\004\070\004\107\004\065\004\101\004\072\004\070\004\071\000\040\004\070\004\075\004\102\004\065\004\100\004\104\004\065\004\071\004\101}{subsection.5.2.2}% 41
\BOOKMARK [3][]{subsubsection.5.2.2.2}{\376\377\004\024\004\060\004\075\004\075\004\113\004\065\000\040\004\076\004\061\000\040\004\103\004\100\004\076\004\062\004\075\004\117\004\105\000\040\004\101\004\070\004\063\004\075\004\060\004\073\004\060}{subsection.5.2.2}% 42
\BOOKMARK [3][]{subsubsection.5.2.2.3}{\376\377\004\024\004\060\004\075\004\075\004\113\004\065\000\040\004\101\004\077\004\103\004\102\004\075\004\070\004\072\004\076\004\062\004\076\004\071\000\040\004\075\004\060\004\062\004\070\004\063\004\060\004\106\004\070\004\070}{subsection.5.2.2}% 43
\BOOKMARK [3][]{subsubsection.5.2.2.4}{\376\377\004\022\004\067\004\060\004\070\004\074\004\076\004\064\004\065\004\071\004\101\004\102\004\062\004\070\004\065\000\040\004\101\000\040\004\101\004\065\004\102\004\114\004\116}{subsection.5.2.2}% 44
\BOOKMARK [1][]{section.5.3}{\376\377\004\041\004\065\004\100\004\062\004\065\004\100\004\075\004\060\004\117\000\040\004\107\004\060\004\101\004\102\004\114}{chapter.5}% 45
\BOOKMARK [2][]{subsection.5.3.1}{\376\377\004\040\004\065\004\066\004\070\004\074\000\040\004\101\004\061\004\076\004\100\004\060\000\040\004\064\004\060\004\075\004\075\004\113\004\105}{section.5.3}% 46
\BOOKMARK [3][]{subsubsection.5.3.1.1}{\376\377\004\037\004\100\004\076\004\062\004\065\004\100\004\072\004\060\000\040\004\062\004\105\004\076\004\064\004\117\004\111\004\070\004\105\000\040\004\064\004\060\004\075\004\075\004\113\004\105}{subsection.5.3.1}% 47
\BOOKMARK [3][]{subsubsection.5.3.1.2}{\376\377\004\037\004\100\004\065\004\076\004\061\004\100\004\060\004\067\004\076\004\062\004\060\004\075\004\070\004\065\000\040\004\072\004\076\004\076\004\100\004\064\004\070\004\075\004\060\004\102}{subsection.5.3.1}% 48
\BOOKMARK [3][]{subsubsection.5.3.1.3}{\376\377\004\022\004\067\004\060\004\070\004\074\004\076\004\064\004\065\004\071\004\101\004\102\004\062\004\070\004\065\000\040\004\101\000\040\004\061\004\060\004\067\004\076\004\071\000\040\004\064\004\060\004\075\004\075\004\113\004\105}{subsection.5.3.1}% 49
\BOOKMARK [3][]{subsubsection.5.3.1.4}{\376\377\004\022\004\067\004\060\004\070\004\074\004\076\004\064\004\065\004\071\004\101\004\102\004\062\004\070\004\065\000\040\004\101\000\040\004\072\004\073\004\070\004\065\004\075\004\102\004\060\004\074\004\070}{subsection.5.3.1}% 50
\BOOKMARK [3][]{subsubsection.5.3.1.5}{\376\377\004\023\004\073\004\060\004\062\004\075\004\113\004\071\000\040\004\074\004\076\004\064\004\103\004\073\004\114}{subsection.5.3.1}% 51
\BOOKMARK [2][]{subsection.5.3.2}{\376\377\004\040\004\065\004\066\004\070\004\074\000\040\004\077\004\076\004\067\004\070\004\106\004\070\004\076\004\075\004\070\004\100\004\076\004\062\004\060\004\075\004\070\004\117}{section.5.3}% 52
\BOOKMARK [3][]{subsubsection.5.3.2.1}{\376\377\004\030\004\075\004\102\004\065\004\100\004\077\004\076\004\073\004\117\004\106\004\070\004\117\000\040\004\070\000\040\004\077\004\101\004\065\004\062\004\064\004\076\004\077\004\073\004\076\004\102\004\075\004\076\004\101\004\102\004\114}{subsection.5.3.2}% 53
\BOOKMARK [3][]{subsubsection.5.3.2.2}{\376\377\004\040\004\065\004\067\004\103\004\073\004\114\004\102\004\070\004\100\004\103\004\116\004\111\004\060\004\117\000\040\004\077\004\101\004\065\004\062\004\064\004\076\004\077\004\073\004\076\004\102\004\075\004\076\004\101\004\102\004\114\000\040\004\070\000\040\004\077\004\076\004\067\004\070\004\106\004\070\004\076\004\075\004\070\004\100\004\076\004\062\004\060\004\075\004\070\004\065}{subsection.5.3.2}% 54
\BOOKMARK [3][]{subsubsection.5.3.2.3}{\376\377\004\023\004\073\004\060\004\062\004\075\004\113\004\071\000\040\004\074\004\076\004\064\004\103\004\073\004\114}{subsection.5.3.2}% 55
\BOOKMARK [1][]{section.5.4}{\376\377\004\021\004\060\004\067\004\060\000\040\004\064\004\060\004\075\004\075\004\113\004\105}{chapter.5}% 56
\BOOKMARK [2][]{subsection.5.4.1}{\376\377\004\024\004\076\004\061\004\060\004\062\004\073\004\065\004\075\004\070\004\065\000\040\004\070\004\075\004\104\004\076\004\100\004\074\004\060\004\106\004\070\004\070\000\040\004\062\000\040\004\021\004\024}{section.5.4}% 57
\BOOKMARK [1][]{section.5.5}{\376\377\004\032\004\073\004\070\004\065\004\075\004\102\004\101\004\072\004\060\004\117\000\040\004\107\004\060\004\101\004\102\004\114}{chapter.5}% 58
\BOOKMARK [2][]{subsection.5.5.1}{\376\377\004\040\004\065\004\066\004\070\004\074\000\040\004\101\004\061\004\076\004\100\004\060\000\040\004\064\004\060\004\075\004\075\004\113\004\105}{section.5.5}% 59
\BOOKMARK [2][]{subsection.5.5.2}{\376\377\004\040\004\065\004\066\004\070\004\074\000\040\004\077\004\076\004\067\004\070\004\106\004\070\004\076\004\075\004\070\004\100\004\076\004\062\004\060\004\075\004\070\004\117}{section.5.5}% 60
\BOOKMARK [0][]{chapter.6}{\376\377\004\055\004\072\004\101\004\077\004\065\004\100\004\070\004\074\004\065\004\075\004\102\004\060\004\073\004\114\004\075\004\060\004\117\000\040\004\077\004\100\004\076\004\062\004\065\004\100\004\072\004\060}{}% 61
\BOOKMARK [1][]{section.6.1}{\376\377\004\043\004\101\004\073\004\076\004\062\004\070\004\117\000\040\004\115\004\072\004\101\004\077\004\065\004\100\004\070\004\074\004\065\004\075\004\102\004\060}{chapter.6}% 62
\BOOKMARK [1][]{section.6.2}{\376\377\004\041\004\061\004\076\004\100\000\040\004\064\004\060\004\075\004\075\004\113\004\105}{chapter.6}% 63
\BOOKMARK [1][]{section.6.3}{\376\377\004\037\004\076\004\067\004\070\004\106\004\070\004\076\004\075\004\070\004\100\004\076\004\062\004\060\004\075\004\070\004\065}{chapter.6}% 64
\BOOKMARK [2][]{subsection.6.3.1}{\376\377\004\022\004\105\004\076\004\064\004\075\004\113\004\065\000\040\004\064\004\060\004\075\004\075\004\113\004\065}{section.6.3}% 65
\BOOKMARK [2][]{subsection.6.3.2}{\376\377\004\022\004\113\004\061\004\076\004\100\004\072\004\060\000\040\004\101\004\076\004\061\004\100\004\060\004\075\004\075\004\113\004\105\000\040\004\064\004\060\004\075\004\075\004\113\004\105}{section.6.3}% 66
\BOOKMARK [2][]{subsection.6.3.3}{\376\377\004\030\004\075\004\102\004\065\004\100\004\077\004\076\004\073\004\117\004\106\004\070\004\117}{section.6.3}% 67
\BOOKMARK [2][]{subsection.6.3.4}{\376\377\004\037\004\101\004\065\004\062\004\064\004\076\004\077\004\073\004\076\004\102\004\075\004\076\004\101\004\102\004\070\000\040\004\062\004\065\004\100\004\076\004\117\004\102\004\075\004\076\004\101\004\102\004\070}{section.6.3}% 68
\BOOKMARK [2][]{subsection.6.3.5}{\376\377\004\040\004\065\004\067\004\103\004\073\004\114\004\102\004\070\004\100\004\103\004\116\004\111\004\060\004\117\000\040\004\077\004\101\004\065\004\062\004\064\004\076\004\077\004\073\004\076\004\102\004\075\004\076\004\101\004\102\004\114}{section.6.3}% 69
\BOOKMARK [1][]{section.6.4}{\376\377\004\037\004\076\004\063\004\100\004\065\004\110\004\075\004\076\004\101\004\102\004\114}{chapter.6}% 70
\BOOKMARK [1][]{section.6.5}{\376\377\004\020\004\075\004\060\004\073\004\070\004\067\000\040\004\115\004\072\004\101\004\077\004\065\004\100\004\070\004\074\004\065\004\075\004\102\004\060\004\073\004\114\004\075\004\113\004\105\000\040\004\064\004\060\004\075\004\075\004\113\004\105}{chapter.6}% 71
\BOOKMARK [2][]{subsection.6.5.1}{\376\377\004\041\004\102\004\065\004\077\004\065\004\075\004\070\000\040\004\070\004\075\004\102\004\065\004\100\004\077\004\076\004\073\004\117\004\106\004\070\004\076\004\075\004\075\004\113\004\105\000\040\004\074\004\075\004\076\004\063\004\076\004\107\004\073\004\065\004\075\004\076\004\062}{section.6.5}% 72
\BOOKMARK [2][]{subsection.6.5.2}{\376\377\004\022\004\076\004\067\004\074\004\076\004\066\004\075\004\113\004\065\000\040\004\064\004\060\004\073\004\114\004\075\004\065\004\071\004\110\004\070\004\065\000\040\004\115\004\072\004\101\004\077\004\065\004\100\004\070\004\074\004\065\004\075\004\102\004\113}{section.6.5}% 73
\BOOKMARK [0][]{chapter*.34}{\376\377\004\027\004\060\004\072\004\073\004\116\004\107\004\065\004\075\004\070\004\065}{}% 74
\BOOKMARK [0][]{Item.63}{\376\377\004\033\004\070\004\102\004\065\004\100\004\060\004\102\004\103\004\100\004\060}{}% 75
\BOOKMARK [0][]{chapter*.35}{\376\377\004\041\004\077\004\070\004\101\004\076\004\072\000\040\004\070\004\073\004\073\004\116\004\101\004\102\004\100\004\060\004\106\004\070\004\071}{}% 76
\BOOKMARK [0][]{chapter*.36}{\376\377\004\041\004\077\004\070\004\101\004\076\004\072\000\040\004\102\004\060\004\061\004\073\004\070\004\106}{}% 77
\BOOKMARK [0][]{chapter*.38}{\376\377\004\041\004\077\004\070\004\101\004\076\004\072\000\040\004\077\004\103\004\061\004\073\004\070\004\072\004\060\004\106\004\070\004\071}{}% 78
