This is pdfTeX, Version 3.1415926-2.4-1.40.13 (TeX Live 2012/Debian) (format=pdflatex 2013.7.21)  16 OCT 2013 13:33
entering extended mode
 restricted \write18 enabled.
 %&-line parsing enabled.
**diplom-kovalev.tex
(./diplom-kovalev.tex
LaTeX2e <2011/06/27>
Babel <v3.8m> and hyphenation patterns for english, dumylang, nohyphenation, et
hiopic, farsi, arabic, pinyin, croatian, bulgarian, ukrainian, russian, slovak,
 czech, danish, dutch, usenglishmax, ukenglish, finnish, french, basque, ngerma
n, german, swissgerman, ngerman-x-2012-05-30, german-x-2012-05-30, monogreek, g
reek, ibycus, ancientgreek, hungarian, bengali, tamil, hindi, telugu, gujarati,
 sanskrit, malayalam, kannada, assamese, marathi, oriya, panjabi, italian, lati
n, latvian, lithuanian, mongolian, mongolianlmc, nynorsk, bokmal, indonesian, e
speranto, coptic, welsh, irish, interlingua, serbian, serbianc, slovenian, friu
lan, romansh, estonian, romanian, armenian, uppersorbian, turkish, afrikaans, i
celandic, kurmanji, polish, portuguese, galician, catalan, spanish, swedish, th
ai, loaded.
(/usr/share/texlive/texmf-dist/tex/latex/extsizes/extreport.cls
Document Class: extreport 1996/10/08 v1.0 Non Standard LaTeX document class
(/usr/share/texlive/texmf-dist/tex/latex/extsizes/size14.clo
File: size14.clo 1999/11/11 v1.4a NON-Standard LaTeX file (size option)
)
(/usr/share/texlive/texmf-dist/tex/latex/base/exscale.sty
Package: exscale 2007/10/29 v2.1h Standard LaTeX package exscale
LaTeX Font Info:    Redeclaring symbol font `largesymbols' on input line 52.
LaTeX Font Info:    Overwriting symbol font `largesymbols' in version `normal'
(Font)                  OMX/cmex/m/n --> OMX/cmex/m/n on input line 52.
LaTeX Font Info:    Overwriting symbol font `largesymbols' in version `bold'
(Font)                  OMX/cmex/m/n --> OMX/cmex/m/n on input line 52.
\big@size=\dimen102
)
\c@part=\count79
\c@chapter=\count80
\c@section=\count81
\c@subsection=\count82
\c@subsubsection=\count83
\c@paragraph=\count84
\c@subparagraph=\count85
\c@figure=\count86
\c@table=\count87
\abovecaptionskip=\skip41
\belowcaptionskip=\skip42
\bibindent=\dimen103
)
(/usr/share/texlive/texmf-dist/tex/latex/base/fontenc.sty
Package: fontenc 2005/09/27 v1.99g Standard LaTeX package

(/usr/share/texlive/texmf-dist/tex/latex/cyrillic/t2aenc.def
File: t2aenc.def 2005/09/27 v1.0i Cyrillic encoding definition file
)
(/usr/share/texlive/texmf-dist/tex/latex/base/t1enc.def
File: t1enc.def 2005/09/27 v1.99g Standard LaTeX file
LaTeX Font Info:    Redeclaring font encoding T1 on input line 43.
))
(/usr/share/texlive/texmf-dist/tex/latex/base/inputenc.sty
Package: inputenc 2008/03/30 v1.1d Input encoding file
\inpenc@prehook=\toks14
\inpenc@posthook=\toks15

(/usr/share/texlive/texmf-dist/tex/latex/base/utf8.def
File: utf8.def 2008/04/05 v1.1m UTF-8 support for inputenc
Now handling font encoding OML ...
... no UTF-8 mapping file for font encoding OML
Now handling font encoding T1 ...
... processing UTF-8 mapping file for font encoding T1

(/usr/share/texlive/texmf-dist/tex/latex/base/t1enc.dfu
File: t1enc.dfu 2008/04/05 v1.1m UTF-8 support for inputenc
   defining Unicode char U+00A1 (decimal 161)
   defining Unicode char U+00A3 (decimal 163)
   defining Unicode char U+00AB (decimal 171)
   defining Unicode char U+00BB (decimal 187)
   defining Unicode char U+00BF (decimal 191)
   defining Unicode char U+00C0 (decimal 192)
   defining Unicode char U+00C1 (decimal 193)
   defining Unicode char U+00C2 (decimal 194)
   defining Unicode char U+00C3 (decimal 195)
   defining Unicode char U+00C4 (decimal 196)
   defining Unicode char U+00C5 (decimal 197)
   defining Unicode char U+00C6 (decimal 198)
   defining Unicode char U+00C7 (decimal 199)
   defining Unicode char U+00C8 (decimal 200)
   defining Unicode char U+00C9 (decimal 201)
   defining Unicode char U+00CA (decimal 202)
   defining Unicode char U+00CB (decimal 203)
   defining Unicode char U+00CC (decimal 204)
   defining Unicode char U+00CD (decimal 205)
   defining Unicode char U+00CE (decimal 206)
   defining Unicode char U+00CF (decimal 207)
   defining Unicode char U+00D0 (decimal 208)
   defining Unicode char U+00D1 (decimal 209)
   defining Unicode char U+00D2 (decimal 210)
   defining Unicode char U+00D3 (decimal 211)
   defining Unicode char U+00D4 (decimal 212)
   defining Unicode char U+00D5 (decimal 213)
   defining Unicode char U+00D6 (decimal 214)
   defining Unicode char U+00D8 (decimal 216)
   defining Unicode char U+00D9 (decimal 217)
   defining Unicode char U+00DA (decimal 218)
   defining Unicode char U+00DB (decimal 219)
   defining Unicode char U+00DC (decimal 220)
   defining Unicode char U+00DD (decimal 221)
   defining Unicode char U+00DE (decimal 222)
   defining Unicode char U+00DF (decimal 223)
   defining Unicode char U+00E0 (decimal 224)
   defining Unicode char U+00E1 (decimal 225)
   defining Unicode char U+00E2 (decimal 226)
   defining Unicode char U+00E3 (decimal 227)
   defining Unicode char U+00E4 (decimal 228)
   defining Unicode char U+00E5 (decimal 229)
   defining Unicode char U+00E6 (decimal 230)
   defining Unicode char U+00E7 (decimal 231)
   defining Unicode char U+00E8 (decimal 232)
   defining Unicode char U+00E9 (decimal 233)
   defining Unicode char U+00EA (decimal 234)
   defining Unicode char U+00EB (decimal 235)
   defining Unicode char U+00EC (decimal 236)
   defining Unicode char U+00ED (decimal 237)
   defining Unicode char U+00EE (decimal 238)
   defining Unicode char U+00EF (decimal 239)
   defining Unicode char U+00F0 (decimal 240)
   defining Unicode char U+00F1 (decimal 241)
   defining Unicode char U+00F2 (decimal 242)
   defining Unicode char U+00F3 (decimal 243)
   defining Unicode char U+00F4 (decimal 244)
   defining Unicode char U+00F5 (decimal 245)
   defining Unicode char U+00F6 (decimal 246)
   defining Unicode char U+00F8 (decimal 248)
   defining Unicode char U+00F9 (decimal 249)
   defining Unicode char U+00FA (decimal 250)
   defining Unicode char U+00FB (decimal 251)
   defining Unicode char U+00FC (decimal 252)
   defining Unicode char U+00FD (decimal 253)
   defining Unicode char U+00FE (decimal 254)
   defining Unicode char U+00FF (decimal 255)
   defining Unicode char U+0102 (decimal 258)
   defining Unicode char U+0103 (decimal 259)
   defining Unicode char U+0104 (decimal 260)
   defining Unicode char U+0105 (decimal 261)
   defining Unicode char U+0106 (decimal 262)
   defining Unicode char U+0107 (decimal 263)
   defining Unicode char U+010C (decimal 268)
   defining Unicode char U+010D (decimal 269)
   defining Unicode char U+010E (decimal 270)
   defining Unicode char U+010F (decimal 271)
   defining Unicode char U+0110 (decimal 272)
   defining Unicode char U+0111 (decimal 273)
   defining Unicode char U+0118 (decimal 280)
   defining Unicode char U+0119 (decimal 281)
   defining Unicode char U+011A (decimal 282)
   defining Unicode char U+011B (decimal 283)
   defining Unicode char U+011E (decimal 286)
   defining Unicode char U+011F (decimal 287)
   defining Unicode char U+0130 (decimal 304)
   defining Unicode char U+0131 (decimal 305)
   defining Unicode char U+0132 (decimal 306)
   defining Unicode char U+0133 (decimal 307)
   defining Unicode char U+0139 (decimal 313)
   defining Unicode char U+013A (decimal 314)
   defining Unicode char U+013D (decimal 317)
   defining Unicode char U+013E (decimal 318)
   defining Unicode char U+0141 (decimal 321)
   defining Unicode char U+0142 (decimal 322)
   defining Unicode char U+0143 (decimal 323)
   defining Unicode char U+0144 (decimal 324)
   defining Unicode char U+0147 (decimal 327)
   defining Unicode char U+0148 (decimal 328)
   defining Unicode char U+014A (decimal 330)
   defining Unicode char U+014B (decimal 331)
   defining Unicode char U+0150 (decimal 336)
   defining Unicode char U+0151 (decimal 337)
   defining Unicode char U+0152 (decimal 338)
   defining Unicode char U+0153 (decimal 339)
   defining Unicode char U+0154 (decimal 340)
   defining Unicode char U+0155 (decimal 341)
   defining Unicode char U+0158 (decimal 344)
   defining Unicode char U+0159 (decimal 345)
   defining Unicode char U+015A (decimal 346)
   defining Unicode char U+015B (decimal 347)
   defining Unicode char U+015E (decimal 350)
   defining Unicode char U+015F (decimal 351)
   defining Unicode char U+0160 (decimal 352)
   defining Unicode char U+0161 (decimal 353)
   defining Unicode char U+0162 (decimal 354)
   defining Unicode char U+0163 (decimal 355)
   defining Unicode char U+0164 (decimal 356)
   defining Unicode char U+0165 (decimal 357)
   defining Unicode char U+016E (decimal 366)
   defining Unicode char U+016F (decimal 367)
   defining Unicode char U+0170 (decimal 368)
   defining Unicode char U+0171 (decimal 369)
   defining Unicode char U+0178 (decimal 376)
   defining Unicode char U+0179 (decimal 377)
   defining Unicode char U+017A (decimal 378)
   defining Unicode char U+017B (decimal 379)
   defining Unicode char U+017C (decimal 380)
   defining Unicode char U+017D (decimal 381)
   defining Unicode char U+017E (decimal 382)
   defining Unicode char U+200C (decimal 8204)
   defining Unicode char U+2013 (decimal 8211)
   defining Unicode char U+2014 (decimal 8212)
   defining Unicode char U+2018 (decimal 8216)
   defining Unicode char U+2019 (decimal 8217)
   defining Unicode char U+201A (decimal 8218)
   defining Unicode char U+201C (decimal 8220)
   defining Unicode char U+201D (decimal 8221)
   defining Unicode char U+201E (decimal 8222)
   defining Unicode char U+2030 (decimal 8240)
   defining Unicode char U+2031 (decimal 8241)
   defining Unicode char U+2039 (decimal 8249)
   defining Unicode char U+203A (decimal 8250)
   defining Unicode char U+2423 (decimal 9251)
)
Now handling font encoding OT1 ...
... processing UTF-8 mapping file for font encoding OT1

(/usr/share/texlive/texmf-dist/tex/latex/base/ot1enc.dfu
File: ot1enc.dfu 2008/04/05 v1.1m UTF-8 support for inputenc
   defining Unicode char U+00A1 (decimal 161)
   defining Unicode char U+00A3 (decimal 163)
   defining Unicode char U+00B8 (decimal 184)
   defining Unicode char U+00BF (decimal 191)
   defining Unicode char U+00C5 (decimal 197)
   defining Unicode char U+00C6 (decimal 198)
   defining Unicode char U+00D8 (decimal 216)
   defining Unicode char U+00DF (decimal 223)
   defining Unicode char U+00E6 (decimal 230)
   defining Unicode char U+00EC (decimal 236)
   defining Unicode char U+00ED (decimal 237)
   defining Unicode char U+00EE (decimal 238)
   defining Unicode char U+00EF (decimal 239)
   defining Unicode char U+00F8 (decimal 248)
   defining Unicode char U+0131 (decimal 305)
   defining Unicode char U+0141 (decimal 321)
   defining Unicode char U+0142 (decimal 322)
   defining Unicode char U+0152 (decimal 338)
   defining Unicode char U+0153 (decimal 339)
   defining Unicode char U+2013 (decimal 8211)
   defining Unicode char U+2014 (decimal 8212)
   defining Unicode char U+2018 (decimal 8216)
   defining Unicode char U+2019 (decimal 8217)
   defining Unicode char U+201C (decimal 8220)
   defining Unicode char U+201D (decimal 8221)
)
Now handling font encoding OMS ...
... processing UTF-8 mapping file for font encoding OMS

(/usr/share/texlive/texmf-dist/tex/latex/base/omsenc.dfu
File: omsenc.dfu 2008/04/05 v1.1m UTF-8 support for inputenc
   defining Unicode char U+00A7 (decimal 167)
   defining Unicode char U+00B6 (decimal 182)
   defining Unicode char U+00B7 (decimal 183)
   defining Unicode char U+2020 (decimal 8224)
   defining Unicode char U+2021 (decimal 8225)
   defining Unicode char U+2022 (decimal 8226)
)
Now handling font encoding OMX ...
... no UTF-8 mapping file for font encoding OMX
Now handling font encoding U ...
... no UTF-8 mapping file for font encoding U
Now handling font encoding T2A ...
... processing UTF-8 mapping file for font encoding T2A

(/usr/share/texlive/texmf-dist/tex/latex/base/t2aenc.dfu
File: t2aenc.dfu 2008/04/05 v1.1m UTF-8 support for inputenc
   defining Unicode char U+00A4 (decimal 164)
   defining Unicode char U+00A7 (decimal 167)
   defining Unicode char U+00AB (decimal 171)
   defining Unicode char U+00BB (decimal 187)
   defining Unicode char U+0131 (decimal 305)
   defining Unicode char U+0400 (decimal 1024)
   defining Unicode char U+0401 (decimal 1025)
   defining Unicode char U+0402 (decimal 1026)
   defining Unicode char U+0403 (decimal 1027)
   defining Unicode char U+0404 (decimal 1028)
   defining Unicode char U+0405 (decimal 1029)
   defining Unicode char U+0406 (decimal 1030)
   defining Unicode char U+0407 (decimal 1031)
   defining Unicode char U+0408 (decimal 1032)
   defining Unicode char U+0409 (decimal 1033)
   defining Unicode char U+040A (decimal 1034)
   defining Unicode char U+040B (decimal 1035)
   defining Unicode char U+040C (decimal 1036)
   defining Unicode char U+040D (decimal 1037)
   defining Unicode char U+040E (decimal 1038)
   defining Unicode char U+040F (decimal 1039)
   defining Unicode char U+0410 (decimal 1040)
   defining Unicode char U+0411 (decimal 1041)
   defining Unicode char U+0412 (decimal 1042)
   defining Unicode char U+0413 (decimal 1043)
   defining Unicode char U+0414 (decimal 1044)
   defining Unicode char U+0415 (decimal 1045)
   defining Unicode char U+0416 (decimal 1046)
   defining Unicode char U+0417 (decimal 1047)
   defining Unicode char U+0418 (decimal 1048)
   defining Unicode char U+0419 (decimal 1049)
   defining Unicode char U+041A (decimal 1050)
   defining Unicode char U+041B (decimal 1051)
   defining Unicode char U+041C (decimal 1052)
   defining Unicode char U+041D (decimal 1053)
   defining Unicode char U+041E (decimal 1054)
   defining Unicode char U+041F (decimal 1055)
   defining Unicode char U+0420 (decimal 1056)
   defining Unicode char U+0421 (decimal 1057)
   defining Unicode char U+0422 (decimal 1058)
   defining Unicode char U+0423 (decimal 1059)
   defining Unicode char U+0424 (decimal 1060)
   defining Unicode char U+0425 (decimal 1061)
   defining Unicode char U+0426 (decimal 1062)
   defining Unicode char U+0427 (decimal 1063)
   defining Unicode char U+0428 (decimal 1064)
   defining Unicode char U+0429 (decimal 1065)
   defining Unicode char U+042A (decimal 1066)
   defining Unicode char U+042B (decimal 1067)
   defining Unicode char U+042C (decimal 1068)
   defining Unicode char U+042D (decimal 1069)
   defining Unicode char U+042E (decimal 1070)
   defining Unicode char U+042F (decimal 1071)
   defining Unicode char U+0430 (decimal 1072)
   defining Unicode char U+0431 (decimal 1073)
   defining Unicode char U+0432 (decimal 1074)
   defining Unicode char U+0433 (decimal 1075)
   defining Unicode char U+0434 (decimal 1076)
   defining Unicode char U+0435 (decimal 1077)
   defining Unicode char U+0436 (decimal 1078)
   defining Unicode char U+0437 (decimal 1079)
   defining Unicode char U+0438 (decimal 1080)
   defining Unicode char U+0439 (decimal 1081)
   defining Unicode char U+043A (decimal 1082)
   defining Unicode char U+043B (decimal 1083)
   defining Unicode char U+043C (decimal 1084)
   defining Unicode char U+043D (decimal 1085)
   defining Unicode char U+043E (decimal 1086)
   defining Unicode char U+043F (decimal 1087)
   defining Unicode char U+0440 (decimal 1088)
   defining Unicode char U+0441 (decimal 1089)
   defining Unicode char U+0442 (decimal 1090)
   defining Unicode char U+0443 (decimal 1091)
   defining Unicode char U+0444 (decimal 1092)
   defining Unicode char U+0445 (decimal 1093)
   defining Unicode char U+0446 (decimal 1094)
   defining Unicode char U+0447 (decimal 1095)
   defining Unicode char U+0448 (decimal 1096)
   defining Unicode char U+0449 (decimal 1097)
   defining Unicode char U+044A (decimal 1098)
   defining Unicode char U+044B (decimal 1099)
   defining Unicode char U+044C (decimal 1100)
   defining Unicode char U+044D (decimal 1101)
   defining Unicode char U+044E (decimal 1102)
   defining Unicode char U+044F (decimal 1103)
   defining Unicode char U+0450 (decimal 1104)
   defining Unicode char U+0451 (decimal 1105)
   defining Unicode char U+0452 (decimal 1106)
   defining Unicode char U+0453 (decimal 1107)
   defining Unicode char U+0454 (decimal 1108)
   defining Unicode char U+0455 (decimal 1109)
   defining Unicode char U+0456 (decimal 1110)
   defining Unicode char U+0457 (decimal 1111)
   defining Unicode char U+0458 (decimal 1112)
   defining Unicode char U+0459 (decimal 1113)
   defining Unicode char U+045A (decimal 1114)
   defining Unicode char U+045B (decimal 1115)
   defining Unicode char U+045C (decimal 1116)
   defining Unicode char U+045D (decimal 1117)
   defining Unicode char U+045E (decimal 1118)
   defining Unicode char U+045F (decimal 1119)
   defining Unicode char U+0490 (decimal 1168)
   defining Unicode char U+0491 (decimal 1169)
   defining Unicode char U+0492 (decimal 1170)
   defining Unicode char U+0493 (decimal 1171)
   defining Unicode char U+0496 (decimal 1174)
   defining Unicode char U+0497 (decimal 1175)
   defining Unicode char U+0498 (decimal 1176)
   defining Unicode char U+0499 (decimal 1177)
   defining Unicode char U+049A (decimal 1178)
   defining Unicode char U+049B (decimal 1179)
   defining Unicode char U+049C (decimal 1180)
   defining Unicode char U+049D (decimal 1181)
   defining Unicode char U+04A0 (decimal 1184)
   defining Unicode char U+04A1 (decimal 1185)
   defining Unicode char U+04A2 (decimal 1186)
   defining Unicode char U+04A3 (decimal 1187)
   defining Unicode char U+04A4 (decimal 1188)
   defining Unicode char U+04A5 (decimal 1189)
   defining Unicode char U+04AA (decimal 1194)
   defining Unicode char U+04AB (decimal 1195)
   defining Unicode char U+04AE (decimal 1198)
   defining Unicode char U+04AF (decimal 1199)
   defining Unicode char U+04B0 (decimal 1200)
   defining Unicode char U+04B1 (decimal 1201)
   defining Unicode char U+04B2 (decimal 1202)
   defining Unicode char U+04B3 (decimal 1203)
   defining Unicode char U+04B6 (decimal 1206)
   defining Unicode char U+04B7 (decimal 1207)
   defining Unicode char U+04B8 (decimal 1208)
   defining Unicode char U+04B9 (decimal 1209)
   defining Unicode char U+04BA (decimal 1210)
   defining Unicode char U+04BB (decimal 1211)
   defining Unicode char U+04C0 (decimal 1216)
   defining Unicode char U+04C1 (decimal 1217)
   defining Unicode char U+04C2 (decimal 1218)
   defining Unicode char U+04D0 (decimal 1232)
   defining Unicode char U+04D1 (decimal 1233)
   defining Unicode char U+04D2 (decimal 1234)
   defining Unicode char U+04D3 (decimal 1235)
   defining Unicode char U+04D4 (decimal 1236)
   defining Unicode char U+04D5 (decimal 1237)
   defining Unicode char U+04D6 (decimal 1238)
   defining Unicode char U+04D7 (decimal 1239)
   defining Unicode char U+04D8 (decimal 1240)
   defining Unicode char U+04D9 (decimal 1241)
   defining Unicode char U+04DA (decimal 1242)
   defining Unicode char U+04DB (decimal 1243)
   defining Unicode char U+04DC (decimal 1244)
   defining Unicode char U+04DD (decimal 1245)
   defining Unicode char U+04DE (decimal 1246)
   defining Unicode char U+04DF (decimal 1247)
   defining Unicode char U+04E2 (decimal 1250)
   defining Unicode char U+04E3 (decimal 1251)
   defining Unicode char U+04E4 (decimal 1252)
   defining Unicode char U+04E5 (decimal 1253)
   defining Unicode char U+04E6 (decimal 1254)
   defining Unicode char U+04E7 (decimal 1255)
   defining Unicode char U+04E8 (decimal 1256)
   defining Unicode char U+04E9 (decimal 1257)
   defining Unicode char U+04EC (decimal 1260)
   defining Unicode char U+04ED (decimal 1261)
   defining Unicode char U+04EE (decimal 1262)
   defining Unicode char U+04EF (decimal 1263)
   defining Unicode char U+04F0 (decimal 1264)
   defining Unicode char U+04F1 (decimal 1265)
   defining Unicode char U+04F2 (decimal 1266)
   defining Unicode char U+04F3 (decimal 1267)
   defining Unicode char U+04F4 (decimal 1268)
   defining Unicode char U+04F5 (decimal 1269)
   defining Unicode char U+04F8 (decimal 1272)
   defining Unicode char U+04F9 (decimal 1273)
   defining Unicode char U+200C (decimal 8204)
   defining Unicode char U+2013 (decimal 8211)
   defining Unicode char U+2014 (decimal 8212)
   defining Unicode char U+2018 (decimal 8216)
   defining Unicode char U+2019 (decimal 8217)
   defining Unicode char U+201C (decimal 8220)
   defining Unicode char U+201D (decimal 8221)
   defining Unicode char U+201E (decimal 8222)
   defining Unicode char U+2030 (decimal 8240)
   defining Unicode char U+2031 (decimal 8241)
   defining Unicode char U+2116 (decimal 8470)
   defining Unicode char U+2329 (decimal 9001)
   defining Unicode char U+232A (decimal 9002)
   defining Unicode char U+2423 (decimal 9251)
)
   defining Unicode char U+00A9 (decimal 169)
   defining Unicode char U+00AA (decimal 170)
   defining Unicode char U+00AE (decimal 174)
   defining Unicode char U+00BA (decimal 186)
   defining Unicode char U+02C6 (decimal 710)
   defining Unicode char U+02DC (decimal 732)
   defining Unicode char U+200C (decimal 8204)
   defining Unicode char U+2026 (decimal 8230)
   defining Unicode char U+2122 (decimal 8482)
   defining Unicode char U+2423 (decimal 9251)
))
(/var/lib/texmf/tex/generic/babel/babel.sty
Package: babel 2008/07/08 v3.8m The Babel package

(/usr/share/texlive/texmf-dist/tex/generic/babel/english.ldf
Language: english 2005/03/30 v3.3o English support from the babel system

(/usr/share/texlive/texmf-dist/tex/generic/babel/babel.def
File: babel.def 2008/07/08 v3.8m Babel common definitions
\babel@savecnt=\count88
\U@D=\dimen104
)
\l@canadian = a dialect from \language\l@american 
\l@australian = a dialect from \language\l@british 
\l@newzealand = a dialect from \language\l@british 
)
(/usr/share/texlive/texmf-dist/tex/generic/babel/russianb.ldf
Language: russianb 2008/03/21 v1.1r Russian support from the babel system
Package babel Info: Making " an active character on input line 199.
))
(/usr/share/texlive/texmf-dist/tex/latex/hyperref/hyperref.sty
Package: hyperref 2012/05/13 v6.82q Hypertext links for LaTeX

(/usr/share/texlive/texmf-dist/tex/generic/oberdiek/hobsub-hyperref.sty
Package: hobsub-hyperref 2012/05/28 v1.13 Bundle oberdiek, subset hyperref (HO)


(/usr/share/texlive/texmf-dist/tex/generic/oberdiek/hobsub-generic.sty
Package: hobsub-generic 2012/05/28 v1.13 Bundle oberdiek, subset generic (HO)
Package: hobsub 2012/05/28 v1.13 Construct package bundles (HO)
Package: infwarerr 2010/04/08 v1.3 Providing info/warning/error messages (HO)
Package: ltxcmds 2011/11/09 v1.22 LaTeX kernel commands for general use (HO)
Package: ifluatex 2010/03/01 v1.3 Provides the ifluatex switch (HO)
Package ifluatex Info: LuaTeX not detected.
Package: ifvtex 2010/03/01 v1.5 Detect VTeX and its facilities (HO)
Package ifvtex Info: VTeX not detected.
Package: intcalc 2007/09/27 v1.1 Expandable calculations with integers (HO)
Package: ifpdf 2011/01/30 v2.3 Provides the ifpdf switch (HO)
Package ifpdf Info: pdfTeX in PDF mode is detected.
Package: etexcmds 2011/02/16 v1.5 Avoid name clashes with e-TeX commands (HO)
Package etexcmds Info: Could not find \expanded.
(etexcmds)             That can mean that you are not using pdfTeX 1.50 or
(etexcmds)             that some package has redefined \expanded.
(etexcmds)             In the latter case, load this package earlier.
Package: kvsetkeys 2012/04/25 v1.16 Key value parser (HO)
Package: kvdefinekeys 2011/04/07 v1.3 Define keys (HO)
Package: pdftexcmds 2011/11/29 v0.20 Utility functions of pdfTeX for LuaTeX (HO
)
Package pdftexcmds Info: LuaTeX not detected.
Package pdftexcmds Info: \pdf@primitive is available.
Package pdftexcmds Info: \pdf@ifprimitive is available.
Package pdftexcmds Info: \pdfdraftmode found.
Package: pdfescape 2011/11/25 v1.13 Implements pdfTeX's escape features (HO)
Package: bigintcalc 2012/04/08 v1.3 Expandable calculations on big integers (HO
)
Package: bitset 2011/01/30 v1.1 Handle bit-vector datatype (HO)
Package: uniquecounter 2011/01/30 v1.2 Provide unlimited unique counter (HO)
)
Package hobsub Info: Skipping package `hobsub' (already loaded).
Package: letltxmacro 2010/09/02 v1.4 Let assignment for LaTeX macros (HO)
Package: hopatch 2012/05/28 v1.2 Wrapper for package hooks (HO)
Package: xcolor-patch 2011/01/30 xcolor patch
Package: atveryend 2011/06/30 v1.8 Hooks at the very end of document (HO)
Package atveryend Info: \enddocument detected (standard20110627).
Package: atbegshi 2011/10/05 v1.16 At begin shipout hook (HO)
Package: refcount 2011/10/16 v3.4 Data extraction from label references (HO)
Package: hycolor 2011/01/30 v1.7 Color options for hyperref/bookmark (HO)
)
(/usr/share/texlive/texmf-dist/tex/latex/graphics/keyval.sty
Package: keyval 1999/03/16 v1.13 key=value parser (DPC)
\KV@toks@=\toks16
)
(/usr/share/texlive/texmf-dist/tex/generic/ifxetex/ifxetex.sty
Package: ifxetex 2010/09/12 v0.6 Provides ifxetex conditional
)
(/usr/share/texlive/texmf-dist/tex/latex/oberdiek/kvoptions.sty
Package: kvoptions 2011/06/30 v3.11 Key value format for package options (HO)
)
\@linkdim=\dimen105
\Hy@linkcounter=\count89
\Hy@pagecounter=\count90

(/usr/share/texlive/texmf-dist/tex/latex/hyperref/pd1enc.def
File: pd1enc.def 2012/05/13 v6.82q Hyperref: PDFDocEncoding definition (HO)
Now handling font encoding PD1 ...
... no UTF-8 mapping file for font encoding PD1
)
\Hy@SavedSpaceFactor=\count91
Package hyperref Info: Option `unicode' set `true' on input line 3177.

(/usr/share/texlive/texmf-dist/tex/latex/hyperref/puenc.def
File: puenc.def 2012/05/13 v6.82q Hyperref: PDF Unicode definition (HO)
Now handling font encoding PU ...
... no UTF-8 mapping file for font encoding PU
)
(/usr/share/texlive/texmf-dist/tex/latex/latexconfig/hyperref.cfg
File: hyperref.cfg 2002/06/06 v1.2 hyperref configuration of TeXLive
)
Package hyperref Info: Option `unicode' set `true' on input line 3941.
Package hyperref Info: Hyper figures OFF on input line 4062.
Package hyperref Info: Link nesting OFF on input line 4067.
Package hyperref Info: Hyper index ON on input line 4070.
Package hyperref Info: Plain pages OFF on input line 4077.
Package hyperref Info: Backreferencing OFF on input line 4082.
Package hyperref Info: Implicit mode ON; LaTeX internals redefined.
Package hyperref Info: Bookmarks ON on input line 4300.
\c@Hy@tempcnt=\count92

(/usr/share/texlive/texmf-dist/tex/latex/url/url.sty
\Urlmuskip=\muskip10
Package: url 2006/04/12  ver 3.3  Verb mode for urls, etc.
)
LaTeX Info: Redefining \url on input line 4653.
\Fld@menulength=\count93
\Field@Width=\dimen106
\Fld@charsize=\dimen107
Package hyperref Info: Hyper figures OFF on input line 5773.
Package hyperref Info: Link nesting OFF on input line 5778.
Package hyperref Info: Hyper index ON on input line 5781.
Package hyperref Info: backreferencing OFF on input line 5788.
Package hyperref Info: Link coloring OFF on input line 5793.
Package hyperref Info: Link coloring with OCG OFF on input line 5798.
Package hyperref Info: PDF/A mode OFF on input line 5803.
LaTeX Info: Redefining \ref on input line 5843.
LaTeX Info: Redefining \pageref on input line 5847.
\Hy@abspage=\count94
\c@Item=\count95
\c@Hfootnote=\count96
)

Package hyperref Message: Driver (autodetected): hpdftex.

(/usr/share/texlive/texmf-dist/tex/latex/hyperref/hpdftex.def
File: hpdftex.def 2012/05/13 v6.82q Hyperref driver for pdfTeX
\Fld@listcount=\count97
\c@bookmark@seq@number=\count98

(/usr/share/texlive/texmf-dist/tex/latex/oberdiek/rerunfilecheck.sty
Package: rerunfilecheck 2011/04/15 v1.7 Rerun checks for auxiliary files (HO)
Package uniquecounter Info: New unique counter `rerunfilecheck' on input line 2
82.
)
\Hy@SectionHShift=\skip43
)
Package hyperref Info: Option `colorlinks' set `true' on input line 21.
Package hyperref Info: Option `bookmarksopen' set `true' on input line 21.


Package hyperref Warning: Option `pdftex' has already been used,
(hyperref)                setting the option has no effect on input line 21.

(/usr/share/texlive/texmf-dist/tex/latex/amsfonts/amssymb.sty
Package: amssymb 2009/06/22 v3.00

(/usr/share/texlive/texmf-dist/tex/latex/amsfonts/amsfonts.sty
Package: amsfonts 2009/06/22 v3.00 Basic AMSFonts support
\@emptytoks=\toks17
\symAMSa=\mathgroup4
\symAMSb=\mathgroup5
LaTeX Font Info:    Overwriting math alphabet `\mathfrak' in version `bold'
(Font)                  U/euf/m/n --> U/euf/b/n on input line 96.
))
(/usr/share/texlive/texmf-dist/tex/latex/amsmath/amsmath.sty
Package: amsmath 2000/07/18 v2.13 AMS math features
\@mathmargin=\skip44

For additional information on amsmath, use the `?' option.
(/usr/share/texlive/texmf-dist/tex/latex/amsmath/amstext.sty
Package: amstext 2000/06/29 v2.01

(/usr/share/texlive/texmf-dist/tex/latex/amsmath/amsgen.sty
File: amsgen.sty 1999/11/30 v2.0
\@emptytoks=\toks18
\ex@=\dimen108
))
(/usr/share/texlive/texmf-dist/tex/latex/amsmath/amsbsy.sty
Package: amsbsy 1999/11/29 v1.2d
\pmbraise@=\dimen109
)
(/usr/share/texlive/texmf-dist/tex/latex/amsmath/amsopn.sty
Package: amsopn 1999/12/14 v2.01 operator names
)
\inf@bad=\count99
LaTeX Info: Redefining \frac on input line 211.
\uproot@=\count100
\leftroot@=\count101
LaTeX Info: Redefining \overline on input line 307.
\classnum@=\count102
\DOTSCASE@=\count103
LaTeX Info: Redefining \ldots on input line 379.
LaTeX Info: Redefining \dots on input line 382.
LaTeX Info: Redefining \cdots on input line 467.
\Mathstrutbox@=\box26
\strutbox@=\box27
\big@size=\dimen110
LaTeX Font Info:    Redeclaring font encoding OML on input line 567.
LaTeX Font Info:    Redeclaring font encoding OMS on input line 568.
\macc@depth=\count104
\c@MaxMatrixCols=\count105
\dotsspace@=\muskip11
\c@parentequation=\count106
\dspbrk@lvl=\count107
\tag@help=\toks19
\row@=\count108
\column@=\count109
\maxfields@=\count110
\andhelp@=\toks20
\eqnshift@=\dimen111
\alignsep@=\dimen112
\tagshift@=\dimen113
\tagwidth@=\dimen114
\totwidth@=\dimen115
\lineht@=\dimen116
\@envbody=\toks21
\multlinegap=\skip45
\multlinetaggap=\skip46
\mathdisplay@stack=\toks22
LaTeX Info: Redefining \[ on input line 2666.
LaTeX Info: Redefining \] on input line 2667.
)
(/usr/share/texlive/texmf-dist/tex/latex/t2/mathtext.sty
Package: mathtext 1999/01/28 v1.0 transparent text-and-math defs
LaTeX Info: Redefining \halign on input line 111.
)
(/usr/share/texlive/texmf-dist/tex/latex/cite/cite.sty
LaTeX Info: Redefining \cite on input line 302.
LaTeX Info: Redefining \nocite on input line 373.
Package: cite 2010/09/10  v 5.3
)
(/usr/share/texlive/texmf-dist/tex/latex/tools/enumerate.sty
Package: enumerate 1999/03/05 v3.00 enumerate extensions (DPC)
\@enLab=\toks23
)
(/usr/share/texlive/texmf-dist/tex/latex/float/float.sty
Package: float 2001/11/08 v1.3d Float enhancements (AL)
\c@float@type=\count111
\float@exts=\toks24
\float@box=\box28
\@float@everytoks=\toks25
\@floatcapt=\box29
)
(/usr/share/texlive/texmf-dist/tex/latex/graphics/graphicx.sty
Package: graphicx 1999/02/16 v1.0f Enhanced LaTeX Graphics (DPC,SPQR)

(/usr/share/texlive/texmf-dist/tex/latex/graphics/graphics.sty
Package: graphics 2009/02/05 v1.0o Standard LaTeX Graphics (DPC,SPQR)

(/usr/share/texlive/texmf-dist/tex/latex/graphics/trig.sty
Package: trig 1999/03/16 v1.09 sin cos tan (DPC)
)
(/usr/share/texlive/texmf-dist/tex/latex/latexconfig/graphics.cfg
File: graphics.cfg 2010/04/23 v1.9 graphics configuration of TeX Live
)
Package graphics Info: Driver file: pdftex.def on input line 91.

(/usr/share/texlive/texmf-dist/tex/latex/pdftex-def/pdftex.def
File: pdftex.def 2011/05/27 v0.06d Graphics/color for pdfTeX
\Gread@gobject=\count112
))
\Gin@req@height=\dimen117
\Gin@req@width=\dimen118
)
(/usr/share/texlive/texmf-dist/tex/latex/textpos/textpos.sty
Package: textpos 2012/06/01 v1.7h

Package: textpos 2012/06/01 1.7h, absolute positioning of text on the page
(/usr/share/texlive/texmf-dist/tex/latex/ms/everyshi.sty
Package: everyshi 2001/05/15 v3.00 EveryShipout Package (MS)
)
\TP@textbox=\box30
\TP@holdbox=\box31
\TPHorizModule=\dimen119
\TPVertModule=\dimen120
\TP@margin=\dimen121
\TP@absmargin=\dimen122

Grid set 16 x 16 = 37.34424pt x 52.81541pt
\TPboxrulesize=\dimen123
\TP@ox=\dimen124
\TP@oy=\dimen125
\TP@tbargs=\toks26
\TP@prevdepth=\dimen126
TextBlockOrigin set to 0pt x 0pt
) (/usr/share/texlive/texmf-dist/tex/latex/tools/afterpage.sty
Package: afterpage 1995/10/27 v1.08 After-Page Package (DPC)
\AP@output=\toks27
\AP@partial=\box32
\AP@footins=\box33
)
(/usr/share/texlive/texmf-dist/tex/latex/appendix/appendix.sty
Package: appendix 2009/09/02 v1.2b extra appendix facilities
\c@@pps=\count113
\c@@ppsavesec=\count114
\c@@ppsaveapp=\count115
)
(/usr/share/texlive/texmf-dist/tex/latex/titlesec/titlesec.sty
Package: titlesec 2011/12/15 v2.10.0 Sectioning titles
\ttl@box=\box34
\beforetitleunit=\skip47
\aftertitleunit=\skip48
\ttl@plus=\dimen127
\ttl@minus=\dimen128
\ttl@toksa=\toks28
\titlewidth=\dimen129
\titlewidthlast=\dimen130
\titlewidthfirst=\dimen131
)
(/usr/share/texlive/texmf-dist/tex/latex/listings/listings.sty
\lst@mode=\count116
\lst@gtempboxa=\box35
\lst@token=\toks29
\lst@length=\count117
\lst@currlwidth=\dimen132
\lst@column=\count118
\lst@pos=\count119
\lst@lostspace=\dimen133
\lst@width=\dimen134
\lst@newlines=\count120
\lst@lineno=\count121
\lst@maxwidth=\dimen135

(/usr/share/texlive/texmf-dist/tex/latex/listings/lstmisc.sty
File: lstmisc.sty 2007/02/22 1.4 (Carsten Heinz)
\c@lstnumber=\count122
\lst@skipnumbers=\count123
\lst@framebox=\box36
)
(/usr/share/texlive/texmf-dist/tex/latex/listings/listings.cfg
File: listings.cfg 2007/02/22 1.4 listings configuration
))
Package: listings 2007/02/22 1.4 (Carsten Heinz)

(/usr/share/texlive/texmf-dist/tex/latex/caption/caption.sty
Package: caption 2012/02/19 v3.2f Customizing captions (AR)

(/usr/share/texlive/texmf-dist/tex/latex/caption/caption3.sty
Package: caption3 2012/01/12 v1.4b caption3 kernel (AR)
\captionmargin=\dimen136
\captionmargin@=\dimen137
\captionwidth=\dimen138
\caption@indent=\dimen139
\caption@parindent=\dimen140
\caption@hangindent=\dimen141
)
\c@ContinuedFloat=\count124
Package caption Info: float package is loaded.
Package caption Info: hyperref package is loaded.
Package caption Info: listings package is loaded.
)
(/usr/share/texlive/texmf-dist/tex/latex/caption/subcaption.sty
Package: subcaption 2012/01/12 v1.1d Sub-captions (AR)
\c@subfigure=\count125
\c@subtable=\count126
)
(/usr/share/texlive/texmf-dist/tex/latex/cmap/cmap.sty
Package: cmap 2008/03/06 v1.0h CMap support: searchable PDF


Package cmap Warning: fontenc already loaded - some fonts may be unprocessed.

) (/usr/share/texlive/texmf-dist/tex/latex/geometry/geometry.sty
Package: geometry 2010/09/12 v5.6 Page Geometry
\Gm@cnth=\count127
\Gm@cntv=\count128
\c@Gm@tempcnt=\count129
\Gm@bindingoffset=\dimen142
\Gm@wd@mp=\dimen143
\Gm@odd@mp=\dimen144
\Gm@even@mp=\dimen145
\Gm@layoutwidth=\dimen146
\Gm@layoutheight=\dimen147
\Gm@layouthoffset=\dimen148
\Gm@layoutvoffset=\dimen149
\Gm@dimlist=\toks30
)
(./diplom-kovalev.aux
LaTeX Font Info:    Try loading font information for T2A+cmr on input line 19.

(/usr/share/texlive/texmf-dist/tex/latex/cyrillic/t2acmr.fd
File: t2acmr.fd 2001/08/11 v1.0a Computer Modern Cyrillic font definitions
)<<t2a.cmap>>)
\openout1 = `diplom-kovalev.aux'.

LaTeX Font Info:    Checking defaults for OML/cmm/m/it on input line 99.
LaTeX Font Info:    ... okay on input line 99.
LaTeX Font Info:    Checking defaults for T1/cmr/m/n on input line 99.
LaTeX Font Info:    ... okay on input line 99.
LaTeX Font Info:    Checking defaults for OT1/cmr/m/n on input line 99.
LaTeX Font Info:    ... okay on input line 99.
LaTeX Font Info:    Checking defaults for OMS/cmsy/m/n on input line 99.
LaTeX Font Info:    ... okay on input line 99.
LaTeX Font Info:    Checking defaults for OMX/cmex/m/n on input line 99.
LaTeX Font Info:    ... okay on input line 99.
LaTeX Font Info:    Checking defaults for U/cmr/m/n on input line 99.
LaTeX Font Info:    ... okay on input line 99.
LaTeX Font Info:    Checking defaults for T2A/cmr/m/n on input line 99.
LaTeX Font Info:    ... okay on input line 99.
LaTeX Font Info:    Checking defaults for PD1/pdf/m/n on input line 99.
LaTeX Font Info:    ... okay on input line 99.
LaTeX Font Info:    Checking defaults for PU/pdf/m/n on input line 99.
LaTeX Font Info:    ... okay on input line 99.
\AtBeginShipoutBox=\box37

(/usr/share/texlive/texmf-dist/tex/latex/graphics/color.sty
Package: color 2005/11/14 v1.0j Standard LaTeX Color (DPC)

(/usr/share/texlive/texmf-dist/tex/latex/latexconfig/color.cfg
File: color.cfg 2007/01/18 v1.5 color configuration of teTeX/TeXLive
)
Package color Info: Driver file: pdftex.def on input line 130.
)
Package hyperref Info: Link coloring ON on input line 99.

(/usr/share/texlive/texmf-dist/tex/latex/hyperref/nameref.sty
Package: nameref 2010/04/30 v2.40 Cross-referencing by name of section

(/usr/share/texlive/texmf-dist/tex/generic/oberdiek/gettitlestring.sty
Package: gettitlestring 2010/12/03 v1.4 Cleanup title references (HO)
)
\c@section@level=\count130
)
LaTeX Info: Redefining \ref on input line 99.
LaTeX Info: Redefining \pageref on input line 99.
LaTeX Info: Redefining \nameref on input line 99.

(./diplom-kovalev.out) (./diplom-kovalev.out)
\@outlinefile=\write3
\openout3 = `diplom-kovalev.out'.


(/usr/share/texlive/texmf-dist/tex/context/base/supp-pdf.mkii
[Loading MPS to PDF converter (version 2006.09.02).]
\scratchcounter=\count131
\scratchdimen=\dimen150
\scratchbox=\box38
\nofMPsegments=\count132
\nofMParguments=\count133
\everyMPshowfont=\toks31
\MPscratchCnt=\count134
\MPscratchDim=\dimen151
\MPnumerator=\count135
\makeMPintoPDFobject=\count136
\everyMPtoPDFconversion=\toks32
) (/usr/share/texlive/texmf-dist/tex/latex/oberdiek/epstopdf-base.sty
Package: epstopdf-base 2010/02/09 v2.5 Base part for package epstopdf

(/usr/share/texlive/texmf-dist/tex/latex/oberdiek/grfext.sty
Package: grfext 2010/08/19 v1.1 Manage graphics extensions (HO)
)
Package grfext Info: Graphics extension search list:
(grfext)             [.png,.pdf,.jpg,.mps,.jpeg,.jbig2,.jb2,.PNG,.PDF,.JPG,.JPE
G,.JBIG2,.JB2,.eps]
(grfext)             \AppendGraphicsExtensions on input line 452.

(/usr/share/texlive/texmf-dist/tex/latex/latexconfig/epstopdf-sys.cfg
File: epstopdf-sys.cfg 2010/07/13 v1.3 Configuration of (r)epstopdf for TeX Liv
e
))
ABD: EveryShipout initializing macros
\c@lstlisting=\count137
Package caption Info: Begin \AtBeginDocument code.
Package caption Info: End \AtBeginDocument code.

*geometry* driver: auto-detecting
*geometry* detected driver: pdftex
*geometry* verbose mode - [ preamble ] result:
* driver: pdftex
* paper: a4paper
* layout: <same size as paper>
* layoutoffset:(h,v)=(0.0pt,0.0pt)
* modes: 
* h-part:(L,W,R)=(56.9055pt, 497.92325pt, 42.67912pt)
* v-part:(T,H,B)=(28.45274pt, 759.6886pt, 56.9055pt)
* \paperwidth=597.50787pt
* \paperheight=845.04684pt
* \textwidth=497.92325pt
* \textheight=759.6886pt
* \oddsidemargin=-15.36449pt
* \evensidemargin=-15.36449pt
* \topmargin=-82.81725pt
* \headheight=14.0pt
* \headsep=25.0pt
* \topskip=14.0pt
* \footskip=30.0pt
* \marginparwidth=15.0pt
* \marginparsep=10.0pt
* \columnsep=10.0pt
* \skip\footins=12.0pt plus 4.0pt minus 2.0pt
* \hoffset=0.0pt
* \voffset=0.0pt
* \mag=1000
* \@twocolumnfalse
* \@twosidefalse
* \@mparswitchfalse
* \@reversemarginfalse
* (1in=72.27pt=25.4mm, 1cm=28.453pt)

(./diplom-title.tex [1

{/var/lib/texmf/fonts/map/pdftex/updmap/pdftex.map}])
(./diplom-requirements-specification.tex) (./diplom-abstract.tex
<images/task-kovalev-page-1.png, id=326, 596.9502pt x 844.8363pt>
File: images/task-kovalev-page-1.png Graphic file (type png)

<use images/task-kovalev-page-1.png>
Package pdftex.def Info: images/task-kovalev-page-1.png used on input line 10.
(pdftex.def)             Requested size: 596.94875pt x 844.83424pt.
pdfTeX warning (ext4): destination with the same identifier (name{page.1}) has 
been already used, duplicate ignored
<to be read again> 
                   \relax 
l.10 \chapter
             *{РђРЅРЅРѕС‚Р°С†РёСЏ} [1

 <./images/task-kovalev-page-1.png>]
<images/task-kovalev-page-2.png, id=332, 596.9502pt x 844.8363pt>
File: images/task-kovalev-page-2.png Graphic file (type png)

<use images/task-kovalev-page-2.png>
Package pdftex.def Info: images/task-kovalev-page-2.png used on input line 10.
(pdftex.def)             Requested size: 596.94875pt x 844.83424pt.
 [2 <./images/task-kovalev-page-2.png>]<<ot1.cmap>><<oml.cmap>><<oms.cmap>><<om
x.cmap>>
LaTeX Font Info:    Try loading font information for U+msa on input line 17.

(/usr/share/texlive/texmf-dist/tex/latex/amsfonts/umsa.fd
File: umsa.fd 2009/06/22 v3.00 AMS symbols A
)
LaTeX Font Info:    Try loading font information for U+msb on input line 17.

(/usr/share/texlive/texmf-dist/tex/latex/amsfonts/umsb.fd
File: umsb.fd 2009/06/22 v3.00 AMS symbols B
)<<t1.cmap>>
LaTeX Font Info:    Try loading font information for OMS+cmr on input line 22.

(/usr/share/texlive/texmf-dist/tex/latex/base/omscmr.fd
File: omscmr.fd 1999/05/25 v2.5h Standard LaTeX font definitions
)
LaTeX Font Info:    Font shape `OMS/cmr/m/n' in size <14.4> not available
(Font)              Font shape `OMS/cmsy/m/n' tried instead on input line 22.

Overfull \hbox (16.89001pt too wide) in paragraph at lines 22--27
[]\T2A/cmr/m/n/14.4 Copyright [] 2012 Maxim Kovalev. Permission is granted to c
opy, distribute
 []


Overfull \hbox (35.00626pt too wide) in paragraph at lines 22--27
\T2A/cmr/m/n/14.4 and/or modify this document under the terms of the GNU Free D
ocumentation
 []

) [3] (./diplom-kovalev.toc [4

] [5])
\tf@toc=\write4
\openout4 = `diplom-kovalev.toc'.

 (./diplom-introduction.tex [6]
{\Russian \CYRG \cyrl \cyra \cyrv \cyra } 1.
[7

] <images/yakazan.png, id=466, 301.125pt x 501.875pt>
File: images/yakazan.png Graphic file (type png)

<use images/yakazan.png>
Package pdftex.def Info: images/yakazan.png used on input line 6.
(pdftex.def)             Requested size: 248.96162pt x 414.95561pt.
 [8 <./images/yakazan.png (PNG copy)>]
Overfull \hbox (6.98743pt too wide) in paragraph at lines 21--23
[]\T2A/cmr/m/n/14.4 Создание ма-те-ма-ти-че-ско-го ме-то-да, устра-ня-ю-ще-го у
ка-зан-ную из-бы-точ-ность
 []

) (./diplom-analysis.tex [9]
{\Russian \CYRG \cyrl \cyra \cyrv \cyra } 2.
<images/Lat_2spheres_2.pdf, id=483, 161.403pt x 247.5632pt>
File: images/Lat_2spheres_2.pdf Graphic file (type pdf)

<use images/Lat_2spheres_2.pdf>
Package pdftex.def Info: images/Lat_2spheres_2.pdf used on input line 11.
(pdftex.def)             Requested size: 199.16626pt x 305.50574pt.

<images/Circle_sphere_2-colour.pdf, id=484, 642.4pt x 481.8pt>
File: images/Circle_sphere_2-colour.pdf Graphic file (type pdf)

<use images/Circle_sphere_2-colour.pdf>
Package pdftex.def Info: images/Circle_sphere_2-colour.pdf used on input line 1
2.
(pdftex.def)             Requested size: 199.16626pt x 149.37115pt.


LaTeX Warning: `h' float specifier changed to `ht'.

[10

] [11 <./images/Lat_2spheres_2.pdf> <./images/Circle_sphere_2-colour.pdf

pdfTeX warning: pdflatex (file ./images/Circle_sphere_2-colour.pdf): PDF inclus
ion: multiple pdfs with page group included in a single page
>] <images/bs40wp.png, id=568, 1204.5pt x 903.375pt>
File: images/bs40wp.png Graphic file (type png)
 <use images/bs40wp.png>
Package pdftex.def Info: images/bs40wp.png used on input line 40.
(pdftex.def)             Requested size: 497.92325pt x 373.44627pt.


LaTeX Warning: `h' float specifier changed to `ht'.

[12] <images/bs40wdbm.png, id=586, 1204.5pt x 903.375pt>
File: images/bs40wdbm.png Graphic file (type png)

<use images/bs40wdbm.png>
Package pdftex.def Info: images/bs40wdbm.png used on input line 53.
(pdftex.def)             Requested size: 497.92325pt x 373.44627pt.


LaTeX Warning: `h' float specifier changed to `ht'.


Underfull \hbox (badness 10000) in paragraph at lines 78--78
[]\T2A/cmr/m/n/14.4 Расстояние
 []


Underfull \hbox (badness 10000) in paragraph at lines 78--78
\T2A/cmr/m/n/14.4 от стан-ции,
 []


Underfull \hbox (badness 10000) in paragraph at lines 78--78
[]\T2A/cmr/m/n/14.4 Расстояние до
 []


Underfull \hbox (badness 10000) in paragraph at lines 78--78
\T2A/cmr/m/n/14.4 ки из-ме-не-ния
 []

[13 <./images/bs40wp.png>]
<images/dcelldasu.png, id=606, 1204.5pt x 903.375pt>
File: images/dcelldasu.png Graphic file (type png)

<use images/dcelldasu.png>
Package pdftex.def Info: images/dcelldasu.png used on input line 136.
(pdftex.def)             Requested size: 497.92325pt x 373.44627pt.


LaTeX Warning: `h' float specifier changed to `ht'.

[14 <./images/bs40wdbm.png>] [15] [16 <./images/dcelldasu.png>] [17] [18]
Overfull \hbox (2.46144pt too wide) in paragraph at lines 197--197
[]\T2A/cmr/m/n/14.4 Характеристика| 
 []


Underfull \hbox (badness 5908) in paragraph at lines 199--200
[]\T2A/cmr/m/n/14.4 Сотни ты-сяч ста-ци-о-
 []


Underfull \hbox (badness 1454) in paragraph at lines 199--200
\T2A/cmr/m/n/14.4 нар-ных ба-зо-вых стан-
 []


Underfull \hbox (badness 6016) in paragraph at lines 201--201
[]\T2A/cmr/m/n/14.4 Метод опре-де-
 []


Underfull \hbox (badness 2486) in paragraph at lines 201--201
\T2A/cmr/m/n/14.4 ле-ния рас-сто-я-
 []


Underfull \hbox (badness 10000) in paragraph at lines 201--201
[]\T2A/cmr/m/n/14.4 Измерение за-держ-ки
 []


Underfull \hbox (badness 10000) in paragraph at lines 201--202
[]\T2A/cmr/m/n/14.4 Измерение за-ту-ха-ния
 []


Underfull \hbox (badness 10000) in paragraph at lines 203--203
[]\T2A/cmr/m/n/14.4 Координаты
 []


Underfull \hbox (badness 10000) in paragraph at lines 203--203
[]\T2A/cmr/m/n/14.4 Известны с боль-шой
 []


Underfull \hbox (badness 10000) in paragraph at lines 203--204
[]\T2A/cmr/m/n/14.4 Необходимо при-бли-
 []


Underfull \hbox (badness 3780) in paragraph at lines 203--204
\T2A/cmr/m/n/14.4 зи-тель-но оце-ни-вать с
 []


Underfull \hbox (badness 10000) in paragraph at lines 205--205
[]\T2A/cmr/m/n/14.4 Погрешность
 []


Underfull \hbox (badness 10000) in paragraph at lines 205--205
\T2A/cmr/m/n/14.4 по-зи-ци-о-ни-ро-ва-
 []


Underfull \hbox (badness 1087) in paragraph at lines 205--205
[]\T2A/cmr/m/n/14.4 Единицы--десятки мет-
 []


Underfull \hbox (badness 1603) in paragraph at lines 205--206
\T2A/cmr/m/n/14.4 за-ви-сит от мно-же-ства
 []


Underfull \hbox (badness 10000) in paragraph at lines 207--208
\T2A/cmr/m/n/14.4 ди-лись пред-ва-ри-тель-
 []


Underfull \hbox (badness 10000) in paragraph at lines 209--209
[]\T2A/cmr/m/n/14.4 Автономность
 []


Underfull \hbox (badness 10000) in paragraph at lines 211--211
[]\T2A/cmr/m/n/14.4 Условие про-
 []


Underfull \hbox (badness 10000) in paragraph at lines 211--211
\T2A/cmr/m/n/14.4 хож-де-ния
 []

[19] [20] <images/contour.png, id=667, 902.37125pt x 699.61375pt>
File: images/contour.png Graphic file (type png)

<use images/contour.png>
Package pdftex.def Info: images/contour.png used on input line 228.
(pdftex.def)             Requested size: 497.92325pt x 386.04843pt.
 [21 <./images/contour.png>] [22] [23] [24] [25])
(./diplom-tech.tex [26]
{\Russian \CYRG \cyrl \cyra \cyrv \cyra } 3.
[27

] <images/general-arch.pdf, id=730, 409.53pt x 303.1325pt>
File: images/general-arch.pdf Graphic file (type pdf)

<use images/general-arch.pdf>
Package pdftex.def Info: images/general-arch.pdf used on input line 43.
(pdftex.def)             Requested size: 497.92325pt x 368.58612pt.
 [28 <./images/general-arch.pdf>] [29] [30])
(./diplom-occupational-safety-and-health.tex [31]
{\Russian \CYRG \cyrl \cyra \cyrv \cyra } 4.
<images/google-trends-mobbing.png, id=800, 582.175pt x 260.975pt>
File: images/google-trends-mobbing.png Graphic file (type png)

<use images/google-trends-mobbing.png>
Package pdftex.def Info: images/google-trends-mobbing.png used on input line 22
.
(pdftex.def)             Requested size: 497.92325pt x 223.21161pt.
 [32

] [33 <./images/google-trends-mobbing.png>]) (./diplom-develop.tex [34]
{\Russian \CYRG \cyrl \cyra \cyrv \cyra } 5.
<images/MadMax-input.png, id=827, 1144.275pt x 844.15375pt>
File: images/MadMax-input.png Graphic file (type png)

<use images/MadMax-input.png>
Package pdftex.def Info: images/MadMax-input.png used on input line 10.
(pdftex.def)             Requested size: 497.92325pt x 367.33272pt.


LaTeX Warning: `h' float specifier changed to `ht'.

[35

] <images/MadMax-interpol.png, id=835, 1144.275pt x 844.15375pt>
File: images/MadMax-interpol.png Graphic file (type png)

<use images/MadMax-interpol.png>
Package pdftex.def Info: images/MadMax-interpol.png used on input line 22.
(pdftex.def)             Requested size: 497.92325pt x 367.33272pt.
 [36 <./images/MadMax-input.png>] [37 <./images/MadMax-interpol.png>]
<images/MadMax-metr-1.png, id=854, 1144.275pt x 844.15375pt>
File: images/MadMax-metr-1.png Graphic file (type png)

<use images/MadMax-metr-1.png>
Package pdftex.def Info: images/MadMax-metr-1.png used on input line 45.
(pdftex.def)             Requested size: 348.54475pt x 257.12517pt.

<images/MadMax-metr-2.png, id=855, 1144.275pt x 844.15375pt>
File: images/MadMax-metr-2.png Graphic file (type png)

<use images/MadMax-metr-2.png>
Package pdftex.def Info: images/MadMax-metr-2.png used on input line 46.
(pdftex.def)             Requested size: 348.54475pt x 257.12517pt.
 [38] [39 <./images/MadMax-metr-1.png> <./images/MadMax-metr-2.png>]
<images/MadMax-metr-common.png, id=872, 1144.275pt x 844.15375pt>
File: images/MadMax-metr-common.png Graphic file (type png)

<use images/MadMax-metr-common.png>
Package pdftex.def Info: images/MadMax-metr-common.png used on input line 75.
(pdftex.def)             Requested size: 497.92325pt x 367.33272pt.
 [40]
(/usr/share/texlive/texmf-dist/tex/latex/listings/lstlang1.sty
File: lstlang1.sty 2004/09/05 1.3 listings language file
) [41 <./images/MadMax-metr-common.png>]
Underfull \hbox (badness 3919) in paragraph at lines 131--132
[]\T2A/cmr/m/n/14.4 Уникальный иден-ти-фи-ка-тор ба-зо-вой
 []


Underfull \hbox (badness 10000) in paragraph at lines 137--138
[]\T2A/cmr/m/n/14.4 Тип со-еди-не-ния. Воз-мож-ные зна-
 []


Underfull \hbox (badness 3919) in paragraph at lines 137--138
\T2A/cmr/m/n/14.4 че-ния: <<GPRS>>, <<EDGE>>, <<UMTS>>,
 []

[42] [43] <images/TATMon-android.png, id=923, 321.2pt x 481.8pt>
File: images/TATMon-android.png Graphic file (type png)

<use images/TATMon-android.png>
Package pdftex.def Info: images/TATMon-android.png used on input line 159.
(pdftex.def)             Requested size: 248.96162pt x 373.44995pt.
 [44 <./images/TATMon-android.png>]
<images/server-threads.pdf, id=931, 485.815pt x 391.4625pt>
File: images/server-threads.pdf Graphic file (type pdf)

<use images/server-threads.pdf>
Package pdftex.def Info: images/server-threads.pdf used on input line 181.
(pdftex.def)             Requested size: 497.92325pt x 401.2158pt.


LaTeX Warning: `h' float specifier changed to `ht'.

<images/server-collect-dataflow.pdf, id=932, 585.18625pt x 483.8075pt>
File: images/server-collect-dataflow.pdf Graphic file (type pdf)

<use images/server-collect-dataflow.pdf>
Package pdftex.def Info: images/server-collect-dataflow.pdf used on input line 
190.
(pdftex.def)             Requested size: 497.92325pt x 411.68126pt.


LaTeX Warning: `h' float specifier changed to `ht'.

[45] [46 <./images/server-threads.pdf>] [47 <./images/server-collect-dataflow.p
df>] [48] [49]
<images/server-perform-dataflow.pdf, id=1012, 747.79375pt x 483.8075pt>
File: images/server-perform-dataflow.pdf Graphic file (type pdf)

<use images/server-perform-dataflow.pdf>
Package pdftex.def Info: images/server-perform-dataflow.pdf used on input line 
298.
(pdftex.def)             Requested size: 497.92325pt x 322.14874pt.


LaTeX Warning: `h' float specifier changed to `ht'.

[50]
LaTeX Font Info:    Font shape `OMS/cmr/m/it' in size <14.4> not available
(Font)              Font shape `OMS/cmsy/m/n' tried instead on input line 310.
 [51 <./images/server-perform-dataflow.pdf>]
Overfull \hbox (28.43124pt too wide) in paragraph at lines 327--328
[][][][][][][][][][][][][][][][] 
 []


Overfull \hbox (3.75838pt too wide) in paragraph at lines 329--330
[][][][][][][][][] 
 []


Overfull \hbox (17.3966pt too wide) in paragraph at lines 359--360
\T2A/cmr/m/n/14.4 на-бор ко-то-рых за-ви-сит от плат-фор-мы, под GNU/Linux ис-п
оль-зу-ет-ся GNU Scientific
 []

[52]
Overfull \hbox (33.42747pt too wide) in paragraph at lines 375--377
\T2A/cmr/m/n/14.4 мас-си-вов: мас-си-ва self.X, со-сто-я-ще-го из век-то-ров $\
OML/cmm/m/it/14.4 < \OT1/cmr/m/n/14.4 1\OML/cmm/m/it/14.4 ; Dist[]; Dist[]; :::
Dist[] >$\T2A/cmr/m/n/14.4 ,
 []

[53]
Overfull \hbox (20.1958pt too wide) in paragraph at lines 408--409
\T2A/cmr/m/n/14.4 Класс \T2A/cmr/bx/n/14.4 DataManager \T2A/cmr/m/n/14.4 от-ве-
ча-ет за хра-не-ние кол-лек-ции эк-зем-пля-ров клас-са Interpol,
 []


Overfull \hbox (9.8211pt too wide) in paragraph at lines 412--414
\T2A/cmr/m/n/14.4 ре-жи-ме по-зи-ци-о-ни-ро-ва-ния, сра-зу для всех име-ю-щих-с
я в ба-зе дан-ных CellID; 
 []

[54] [55] (/usr/share/texlive/texmf-dist/tex/latex/listings/lstlang1.sty
File: lstlang1.sty 2004/09/05 1.3 listings language file
)
[56] [57]
Overfull \hbox (28.43124pt too wide) in paragraph at lines 525--526
[][][][][][][][][][][][][][][][][][][][] 
 []

[58]
Overfull \hbox (9.97035pt too wide) in paragraph at lines 587--589
\T2A/cmr/m/n/14.4 raw_rssi_data(Longitude, Latitude, CellID, ObservedRSSI, Obse
rvations)
 []

[59] <images/gfront-gps-mode.png, id=1192, 897.3525pt x 745.78625pt>
File: images/gfront-gps-mode.png Graphic file (type png)

<use images/gfront-gps-mode.png>
Package pdftex.def Info: images/gfront-gps-mode.png used on input line 602.
(pdftex.def)             Requested size: 348.54475pt x 289.67197pt.

<images/gfront-gsm-mode.png, id=1193, 897.3525pt x 745.78625pt>
File: images/gfront-gsm-mode.png Graphic file (type png)

<use images/gfront-gsm-mode.png>
Package pdftex.def Info: images/gfront-gsm-mode.png used on input line 610.
(pdftex.def)             Requested size: 348.54475pt x 289.67197pt.


LaTeX Warning: `h' float specifier changed to `ht'.

[60]) (./diplom-experiment.tex [61] [62 <./images/gfront-gps-mode.png> <./image
s/gfront-gsm-mode.png>]
{\Russian \CYRG \cyrl \cyra \cyrv \cyra } 6.
[63

] [64] [65] <images/cell41526raw.png, id=1292, 1204.5pt x 903.375pt>
File: images/cell41526raw.png Graphic file (type png)

<use images/cell41526raw.png>
Package pdftex.def Info: images/cell41526raw.png used on input line 120.
(pdftex.def)             Requested size: 497.92325pt x 373.44627pt.

<images/cell12056raw.png, id=1293, 1204.5pt x 903.375pt>
File: images/cell12056raw.png Graphic file (type png)

<use images/cell12056raw.png>
Package pdftex.def Info: images/cell12056raw.png used on input line 124.
(pdftex.def)             Requested size: 224.06393pt x 168.0453pt.

<images/cell14296raw.png, id=1294, 1204.5pt x 903.375pt>
File: images/cell14296raw.png Graphic file (type png)

<use images/cell14296raw.png>
Package pdftex.def Info: images/cell14296raw.png used on input line 127.
(pdftex.def)             Requested size: 224.06393pt x 168.0453pt.

<images/cell32777raw.png, id=1295, 1204.5pt x 903.375pt>
File: images/cell32777raw.png Graphic file (type png)

<use images/cell32777raw.png>
Package pdftex.def Info: images/cell32777raw.png used on input line 131.
(pdftex.def)             Requested size: 149.37848pt x 112.0256pt.

<images/cell32778raw.png, id=1296, 1204.5pt x 903.375pt>
File: images/cell32778raw.png Graphic file (type png)

<use images/cell32778raw.png>
Package pdftex.def Info: images/cell32778raw.png used on input line 134.
(pdftex.def)             Requested size: 149.37848pt x 112.0256pt.

<images/cell32779raw.png, id=1297, 1204.5pt x 903.375pt>
File: images/cell32779raw.png Graphic file (type png)

<use images/cell32779raw.png>
Package pdftex.def Info: images/cell32779raw.png used on input line 137.
(pdftex.def)             Requested size: 149.37848pt x 112.0256pt.

<images/cell41526inter.png, id=1300, 1204.5pt x 903.375pt>
File: images/cell41526inter.png Graphic file (type png)

<use images/cell41526inter.png>
Package pdftex.def Info: images/cell41526inter.png used on input line 151.
(pdftex.def)             Requested size: 497.92325pt x 373.44627pt.

<images/cell12056inter.png, id=1301, 1204.5pt x 903.375pt>
File: images/cell12056inter.png Graphic file (type png)

<use images/cell12056inter.png>
Package pdftex.def Info: images/cell12056inter.png used on input line 155.
(pdftex.def)             Requested size: 224.06393pt x 168.0453pt.

<images/cell14296inter.png, id=1302, 1204.5pt x 903.375pt>
File: images/cell14296inter.png Graphic file (type png)

<use images/cell14296inter.png>
Package pdftex.def Info: images/cell14296inter.png used on input line 158.
(pdftex.def)             Requested size: 224.06393pt x 168.0453pt.

<images/cell32777inter.png, id=1303, 1204.5pt x 903.375pt>
File: images/cell32777inter.png Graphic file (type png)

<use images/cell32777inter.png>
Package pdftex.def Info: images/cell32777inter.png used on input line 162.
(pdftex.def)             Requested size: 149.37848pt x 112.0256pt.

<images/cell32778inter.png, id=1304, 1204.5pt x 903.375pt>
File: images/cell32778inter.png Graphic file (type png)

<use images/cell32778inter.png>
Package pdftex.def Info: images/cell32778inter.png used on input line 165.
(pdftex.def)             Requested size: 149.37848pt x 112.0256pt.

<images/cell32779inter.png, id=1305, 1204.5pt x 903.375pt>
File: images/cell32779inter.png Graphic file (type png)

<use images/cell32779inter.png>
Package pdftex.def Info: images/cell32779inter.png used on input line 168.
(pdftex.def)             Requested size: 149.37848pt x 112.0256pt.


LaTeX Warning: Float too large for page by 6.82857pt on input line 173.

<images/cell41526pseudop.png, id=1307, 1204.5pt x 903.375pt>
File: images/cell41526pseudop.png Graphic file (type png)

<use images/cell41526pseudop.png>
Package pdftex.def Info: images/cell41526pseudop.png used on input line 182.
(pdftex.def)             Requested size: 497.92325pt x 373.44627pt.

<images/cell12056pseudop.png, id=1308, 1204.5pt x 903.375pt>
File: images/cell12056pseudop.png Graphic file (type png)

<use images/cell12056pseudop.png>
Package pdftex.def Info: images/cell12056pseudop.png used on input line 186.
(pdftex.def)             Requested size: 199.16626pt x 149.36748pt.

<images/cell14296pseudop.png, id=1309, 1204.5pt x 903.375pt>
File: images/cell14296pseudop.png Graphic file (type png)

<use images/cell14296pseudop.png>
Package pdftex.def Info: images/cell14296pseudop.png used on input line 189.
(pdftex.def)             Requested size: 199.16626pt x 149.36748pt.

<images/cell32777pseudop.png, id=1310, 1204.5pt x 903.375pt>
File: images/cell32777pseudop.png Graphic file (type png)

<use images/cell32777pseudop.png>
Package pdftex.def Info: images/cell32777pseudop.png used on input line 193.
(pdftex.def)             Requested size: 124.4808pt x 93.34778pt.

<images/cell32778pseudop.png, id=1311, 1204.5pt x 903.375pt>
File: images/cell32778pseudop.png Graphic file (type png)

<use images/cell32778pseudop.png>
Package pdftex.def Info: images/cell32778pseudop.png used on input line 196.
(pdftex.def)             Requested size: 124.4808pt x 93.34778pt.

<images/cell32779pseudop.png, id=1312, 1204.5pt x 903.375pt>
File: images/cell32779pseudop.png Graphic file (type png)

<use images/cell32779pseudop.png>
Package pdftex.def Info: images/cell32779pseudop.png used on input line 199.
(pdftex.def)             Requested size: 124.4808pt x 93.34778pt.


LaTeX Warning: Float too large for page by 11.97292pt on input line 204.

<images/totalpseudop.png, id=1313, 1204.5pt x 903.375pt>
File: images/totalpseudop.png Graphic file (type png)

<use images/totalpseudop.png>
Package pdftex.def Info: images/totalpseudop.png used on input line 208.
(pdftex.def)             Requested size: 497.92325pt x 373.44627pt.


LaTeX Warning: `h' float specifier changed to `ht'.


Overfull \hbox (15.1277pt too wide) in paragraph at lines 216--217
\T2A/cmr/m/n/14.4 Перейдя от рас-смот-ре-ния од-но-крат-но-го про-цес-са по-ис-
ка ме-сто-на-хож-де-ния устрой-
 []

[66] [67 <./images/cell41526raw.png> <./images/cell12056raw.png> <./images/cell
14296raw.png> <./images/cell32777raw.png> <./images/cell32778raw.png> <./images
/cell32779raw.png>] [68 <./images/cell41526inter.png> <./images/cell12056inter.
png> <./images/cell14296inter.png> <./images/cell32777inter.png> <./images/cell
32778inter.png> <./images/cell32779inter.png>] [69 <./images/cell41526pseudop.p
ng> <./images/cell12056pseudop.png> <./images/cell14296pseudop.png> <./images/c
ell32777pseudop.png> <./images/cell32778pseudop.png> <./images/cell32779pseudop
.png>] <images/errhist.png, id=1339, 1204.5pt x 903.375pt>
File: images/errhist.png Graphic file (type png)

<use images/errhist.png>
Package pdftex.def Info: images/errhist.png used on input line 219.
(pdftex.def)             Requested size: 497.92325pt x 373.44627pt.


LaTeX Warning: `h' float specifier changed to `ht'.

[70 <./images/totalpseudop.png>] [71 <./images/errhist.png>]
<images/cell32777inter10.png, id=1353, 1204.5pt x 903.375pt>
File: images/cell32777inter10.png Graphic file (type png)

<use images/cell32777inter10.png>
Package pdftex.def Info: images/cell32777inter10.png used on input line 239.
(pdftex.def)             Requested size: 224.06393pt x 168.0453pt.

<images/cell32777inter100.png, id=1354, 1204.5pt x 903.375pt>
File: images/cell32777inter100.png Graphic file (type png)

<use images/cell32777inter100.png>
Package pdftex.def Info: images/cell32777inter100.png used on input line 243.
(pdftex.def)             Requested size: 224.06393pt x 168.0453pt.
 [72 <./images/cell32777inter10.png> <./images/cell32777inter100.png>]) (./dipl
om-conclusion.tex [73] [74

] [75])
(./diplom-references.tex [76] (./diplom-kovalev.bbl [77]
Overfull \hbox (35.64824pt too wide) in paragraph at lines 50--51
[]\T2A/cmr/m/n/14.4 http://developer.android.com/reference/android/telephony/ne
ighboringcellinfo.html.  
 []

[78

] [79]
Overfull \hbox (11.67133pt too wide) in paragraph at lines 121--122
[]\T2A/cmr/m/n/14.4 http://developer.android.com/reference/android/location/loc
ationmanager.html.  
 []

[80])) (./diplom-list-of-figures.tex [81] (./diplom-kovalev.lof [82

]
Overfull \hbox (10.21881pt too wide) in paragraph at lines 17--17
 \T2A/cmr/m/n/14.4 пунк-тир-ная ли-ния --- фак-ти-че-ски из-ме-рен-ные зна-че-н
ия RSSI, штри- 
 []


Overfull \hbox (4.31001pt too wide) in paragraph at lines 17--17
 \T2A/cmr/m/n/14.4 хо-вая --- ин-тер-по-ля-ци-он-ный мно-го-член, сплош-ная ---
 зна-че-ние псев- 
 []


Overfull \hbox (2.61417pt too wide) in paragraph at lines 19--19
 [][] [][][]\T2A/cmr/m/n/14.4 Графический ин-тер-фейс на-пи-сан-но-го мо-биль-н
о-го при-ло-же-ния, за- 
 []

[83])
\tf@lof=\write5
\openout5 = `diplom-kovalev.lof'.

) (./diplom-list-of-tables.tex [84] (./diplom-kovalev.lot)
\tf@lot=\write6
\openout6 = `diplom-kovalev.lot'.

)
(./diplom-publications.tex [85

])
Package atveryend Info: Empty hook `BeforeClearDocument' on input line 121.
 [86

]
Package atveryend Info: Empty hook `AfterLastShipout' on input line 121.
 (./diplom-kovalev.aux)
Package atveryend Info: Executing hook `AtVeryEndDocument' on input line 121.
Package atveryend Info: Executing hook `AtEndAfterFileList' on input line 121.
Package rerunfilecheck Info: File `diplom-kovalev.out' has not changed.
(rerunfilecheck)             Checksum: C7CE30D4B44208C95560797D6A5F4B93;18733.
Package atveryend Info: Empty hook `AtVeryVeryEnd' on input line 121.
 ) 
Here is how much of TeX's memory you used:
 13282 strings out of 493485
 187008 string characters out of 3143526
 317446 words of memory out of 3000000
 15787 multiletter control sequences out of 15000+200000
 19133 words of font info for 41 fonts, out of 3000000 for 9000
 957 hyphenation exceptions out of 8191
 36i,11n,40p,4947b,2008s stack positions out of 5000i,500n,10000p,200000b,50000s
{/usr/share/texmf/fonts/enc/dvips/cm-super/cm-super-t2a.enc}{/usr/share/texmf
/fonts/enc/dvips/cm-super/cm-super-t1.enc}</usr/share/texlive/texmf-dist/fonts/
type1/public/amsfonts/cm/cmex10.pfb></usr/share/texlive/texmf-dist/fonts/type1/
public/amsfonts/cm/cmmi10.pfb></usr/share/texlive/texmf-dist/fonts/type1/public
/amsfonts/cm/cmmi12.pfb></usr/share/texlive/texmf-dist/fonts/type1/public/amsfo
nts/cm/cmr10.pfb></usr/share/texlive/texmf-dist/fonts/type1/public/amsfonts/cm/
cmr12.pfb></usr/share/texlive/texmf-dist/fonts/type1/public/amsfonts/cm/cmr7.pf
b></usr/share/texlive/texmf-dist/fonts/type1/public/amsfonts/cm/cmsy10.pfb></us
r/share/texlive/texmf-dist/fonts/type1/public/amsfonts/symbols/msam10.pfb></usr
/share/texmf/fonts/type1/public/cm-super/sfbx1200.pfb></usr/share/texmf/fonts/t
ype1/public/cm-super/sfbx1440.pfb></usr/share/texmf/fonts/type1/public/cm-super
/sfbx1728.pfb></usr/share/texmf/fonts/type1/public/cm-super/sfbx2986.pfb></usr/
share/texmf/fonts/type1/public/cm-super/sfrm1000.pfb></usr/share/texmf/fonts/ty
pe1/public/cm-super/sfrm1200.pfb></usr/share/texmf/fonts/type1/public/cm-super/
sfrm1440.pfb></usr/share/texmf/fonts/type1/public/cm-super/sfrm2074.pfb></usr/s
hare/texmf/fonts/type1/public/cm-super/sfti1440.pfb></usr/share/texmf/fonts/typ
e1/public/cm-super/sfxc1440.pfb>
Output written on diplom-kovalev.pdf (87 pages, 5088407 bytes).
PDF statistics:
 1702 PDF objects out of 1728 (max. 8388607)
 1483 compressed objects within 15 object streams
 496 named destinations out of 1000 (max. 500000)
 869 words of extra memory for PDF output out of 10000 (max. 10000000)

